â•â•â•â•â•â•â•â•â•â•â•â•â•â•â•â•â•â•â•â•â•â•â•â•â•â•â•â•â•â•â•â•â•â•â•â•â•â•â•â•â•â•
[33m        job         [0m
â”€â”€â”€â”€â”€â”€â”€â”€â”€â”€â”€â”€â”€â”€â”€â”€â”€â”€â”€â”€â”¬â”€â”€â”€â”€â”€â”€â”€â”€â”€â”€â”€â”€â”€â”€â”€â”€â”€â”€â”€â”€â”€
    script_path     â”‚ None                
    script_root     â”‚ /mnt/203663f6-7995-4295-8c53-9e2e9621b487/cqm/decision-diffuser/code/analysis
      counter       â”‚ 2                   
       prefix       â”‚ diffuser/default_inv/predict_epsilon_200_1000000.0/dropout_0.25/hopper-medium-expert-v2/100
        name        â”‚ predict_epsilon_200_1000000.0/dropout_0.25/hopper-medium-expert-v2/100
       status       â”‚ created             
     createTime     â”‚ 2023-10-23 13:21:57.445164
â•â•â•â•â•â•â•â•â•â•â•â•â•â•â•â•â•â•â•â•â•§â•â•â•â•â•â•â•â•â•â•â•â•â•â•â•â•â•â•â•â•â•
[33m      revision      [0m
â”€â”€â”€â”€â”€â”€â”€â”€â”€â”€â”€â”€â”€â”€â”€â”€â”€â”€â”€â”€â”¬â”€â”€â”€â”€â”€â”€â”€â”€â”€â”€â”€â”€â”€â”€â”€â”€â”€â”€â”€â”€â”€
        hash        â”‚ 01ce528c30b4733dc59aa6203e46ec165561158d
       branch       â”‚ refs/heads/main     
â•â•â•â•â•â•â•â•â•â•â•â•â•â•â•â•â•â•â•â•â•§â•â•â•â•â•â•â•â•â•â•â•â•â•â•â•â•â•â•â•â•â•
[33m         fn         [0m
â”€â”€â”€â”€â”€â”€â”€â”€â”€â”€â”€â”€â”€â”€â”€â”€â”€â”€â”€â”€â”¬â”€â”€â”€â”€â”€â”€â”€â”€â”€â”€â”€â”€â”€â”€â”€â”€â”€â”€â”€â”€â”€
        name        â”‚ main                
        doc         â”‚ None                
       module       â”‚ scripts.train       
        file        â”‚ /mnt/203663f6-7995-4295-8c53-9e2e9621b487/cqm/decision-diffuser/code/scripts/train.py
â•â•â•â•â•â•â•â•â•â•â•â•â•â•â•â•â•â•â•â•â•§â•â•â•â•â•â•â•â•â•â•â•â•â•â•â•â•â•â•â•â•â•
[33m        args        [0m
â”€â”€â”€â”€â”€â”€â”€â”€â”€â”€â”€â”€â”€â”€â”€â”€â”€â”€â”€â”€â”¬â”€â”€â”€â”€â”€â”€â”€â”€â”€â”€â”€â”€â”€â”€â”€â”€â”€â”€â”€â”€â”€
()
â•â•â•â•â•â•â•â•â•â•â•â•â•â•â•â•â•â•â•â•â•§â•â•â•â•â•â•â•â•â•â•â•â•â•â•â•â•â•â•â•â•â•
[33m       kwargs       [0m
â”€â”€â”€â”€â”€â”€â”€â”€â”€â”€â”€â”€â”€â”€â”€â”€â”€â”€â”€â”€â”¬â”€â”€â”€â”€â”€â”€â”€â”€â”€â”€â”€â”€â”€â”€â”€â”€â”€â”€â”€â”€â”€
     RUN.prefix     â”‚ diffuser/default_inv/predict_epsilon_200_1000000.0/dropout_0.25/hopper-medium-expert-v2/100
        seed        â”‚ 100                 
 returns_condition  â”‚ True                
  predict_epsilon   â”‚ True                
 n_diffusion_steps  â”‚ 200                 
 condition_dropout  â”‚ 0.25                
     diffusion      â”‚ models.GaussianInvDynDiffusion
   n_train_steps    â”‚ 1000000.0           
      dataset       â”‚ hopper-medium-expert-v2
   returns_scale    â”‚ 400.0               
  RUN.job_counter   â”‚ 1                   
    RUN.job_name    â”‚ predict_epsilon_200_1000000.0/dropout_0.25/hopper-medium-expert-v2/100
â•â•â•â•â•â•â•â•â•â•â•â•â•â•â•â•â•â•â•â•â•§â•â•â•â•â•â•â•â•â•â•â•â•â•â•â•â•â•â•â•â•â•
taking diff, if this step takes too long, check if your uncommitted changes are too large.
â•â•â•â•â•â•â•â•â•â•â•â•â•â•â•â•â•â•â•â•â•â•â•â•â•â•â•â•â•â•â•â•â•â•â•â•â•â•â•â•â•â•
[33m        job         [0m
â”€â”€â”€â”€â”€â”€â”€â”€â”€â”€â”€â”€â”€â”€â”€â”€â”€â”€â”€â”€â”¬â”€â”€â”€â”€â”€â”€â”€â”€â”€â”€â”€â”€â”€â”€â”€â”€â”€â”€â”€â”€â”€
       job_id       â”‚ None                
       status       â”‚ started             
     startTime      â”‚ 2023-10-23 13:21:57.497974
â•â•â•â•â•â•â•â•â•â•â•â•â•â•â•â•â•â•â•â•â•§â•â•â•â•â•â•â•â•â•â•â•â•â•â•â•â•â•â•â•â•â•
[33m        host        [0m
â”€â”€â”€â”€â”€â”€â”€â”€â”€â”€â”€â”€â”€â”€â”€â”€â”€â”€â”€â”€â”¬â”€â”€â”€â”€â”€â”€â”€â”€â”€â”€â”€â”€â”€â”€â”€â”€â”€â”€â”€â”€â”€
      hostname      â”‚ qh802-X299-WU8      
â•â•â•â•â•â•â•â•â•â•â•â•â•â•â•â•â•â•â•â•â•§â•â•â•â•â•â•â•â•â•â•â•â•â•â•â•â•â•â•â•â•â•
â•â•â•â•â•â•â•â•â•â•â•â•â•â•â•â•â•â•â•â•â•â•â•â•â•â•â•â•â•â•â•â•â•â•â•â•â•â•â•â•â•â•
[33m       Config       [0m
â”€â”€â”€â”€â”€â”€â”€â”€â”€â”€â”€â”€â”€â”€â”€â”€â”€â”€â”€â”€â”¬â”€â”€â”€â”€â”€â”€â”€â”€â”€â”€â”€â”€â”€â”€â”€â”€â”€â”€â”€â”€â”€
        seed        â”‚ 100                 
       device       â”‚ cuda                
       bucket       â”‚ /home/aajay/weights/
      dataset       â”‚ hopper-medium-expert-v2
       model        â”‚ models.TemporalUnet 
     diffusion      â”‚ models.GaussianInvDynDiffusion
      horizon       â”‚ 100                 
 n_diffusion_steps  â”‚ 200                 
   action_weight    â”‚ 10                  
    loss_weights    â”‚ None                
   loss_discount    â”‚ 1                   
  predict_epsilon   â”‚ True                
     dim_mults      â”‚ (1, 4, 8)           
 returns_condition  â”‚ True                
    calc_energy     â”‚ False               
        dim         â”‚ 128                 
 condition_dropout  â”‚ 0.25                
condition_guidance_wâ”‚ 1.2                 
      test_ret      â”‚ 0.9                 
      renderer      â”‚ utils.MuJoCoRenderer
       loader       â”‚ datasets.SequenceDataset
     normalizer     â”‚ CDFNormalizer       
   preprocess_fns   â”‚ []                  
   clip_denoised    â”‚ True                
    use_padding     â”‚ True                
  include_returns   â”‚ True                
      discount      â”‚ 0.99                
  max_path_length   â”‚ 1000                
     hidden_dim     â”‚ 256                 
       ar_inv       â”‚ False               
   train_only_inv   â”‚ False               
termination_penalty â”‚ -100                
   returns_scale    â”‚ 400.0               
 n_steps_per_epoch  â”‚ 10000               
     loss_type      â”‚ l2                  
   n_train_steps    â”‚ 1000000.0           
     batch_size     â”‚ 32                  
   learning_rate    â”‚ 0.0002              
gradient_accumulate_everyâ”‚ 2                   
     ema_decay      â”‚ 0.995               
      log_freq      â”‚ 1000                
     save_freq      â”‚ 10000               
    sample_freq     â”‚ 10000               
      n_saves       â”‚ 5                   
   save_parallel    â”‚ False               
    n_reference     â”‚ 8                   
  save_checkpoints  â”‚ False               
â•â•â•â•â•â•â•â•â•â•â•â•â•â•â•â•â•â•â•â•â•§â•â•â•â•â•â•â•â•â•â•â•â•â•â•â•â•â•â•â•â•â•
[33m        RUN         [0m
â”€â”€â”€â”€â”€â”€â”€â”€â”€â”€â”€â”€â”€â”€â”€â”€â”€â”€â”€â”€â”¬â”€â”€â”€â”€â”€â”€â”€â”€â”€â”€â”€â”€â”€â”€â”€â”€â”€â”€â”€â”€â”€
       server       â”‚ /mnt/203663f6-7995-4295-8c53-9e2e9621b487/cqm/decision-diffuser/code/analysis
      username      â”‚ qh802               
      project       â”‚ diffuser            
    script_root     â”‚ /mnt/203663f6-7995-4295-8c53-9e2e9621b487/cqm/decision-diffuser/code/analysis
    script_path     â”‚ None                
        now         â”‚ 2023-10-23 21:21:54.494347+08:00
       prefix       â”‚ diffuser/default_inv/predict_epsilon_200_1000000.0/dropout_0.25/hopper-medium-expert-v2/100
      job_name      â”‚ predict_epsilon_200_1000000.0/dropout_0.25/hopper-medium-expert-v2/100
    job_counter     â”‚ 1                   
       resume       â”‚ True                
       readme       â”‚ None                
       debug        â”‚ False               
CUDA_VISIBLE_DEVICESâ”‚ None                
     file_stem      â”‚ train               
â•â•â•â•â•â•â•â•â•â•â•â•â•â•â•â•â•â•â•â•â•§â•â•â•â•â•â•â•â•â•â•â•â•â•â•â•â•â•â•â•â•â•
Traceback (most recent call last):
  File "/home/qh802/anaconda3/envs/decdiff/lib/python3.8/site-packages/ml_logger/__init__.py", line 203, in thunk
    results = fn(*(args or ARGS), **_KWARGS)
  File "/mnt/203663f6-7995-4295-8c53-9e2e9621b487/cqm/decision-diffuser/code/scripts/train.py", line 49, in main
    dataset = dataset_config()
  File "/mnt/203663f6-7995-4295-8c53-9e2e9621b487/cqm/decision-diffuser/code/diffuser/utils/config.py", line 65, in __call__
    instance = self._class(*args, **kwargs, **self._dict)
  File "/mnt/203663f6-7995-4295-8c53-9e2e9621b487/cqm/decision-diffuser/code/diffuser/datasets/sequence.py", line 31, in __init__
    fields = ReplayBuffer(max_n_episodes, max_path_length, termination_penalty)
  File "/mnt/203663f6-7995-4295-8c53-9e2e9621b487/cqm/decision-diffuser/code/diffuser/datasets/buffer.py", line 12, in __init__
    'path_lengths': np.zeros(max_n_episodes, dtype=np.int),
  File "/home/qh802/anaconda3/envs/decdiff/lib/python3.8/site-packages/numpy/__init__.py", line 305, in __getattr__
    raise AttributeError(__former_attrs__[attr])
AttributeError: module 'numpy' has no attribute 'int'.
`np.int` was a deprecated alias for the builtin `int`. To avoid this error in existing code, use `int` by itself. Doing this will not modify any behavior and is safe. When replacing `np.int`, you may wish to use e.g. `np.int64` or `np.int32` to specify the precision. If you wish to review your current use, check the release note link for additional information.
The aliases was originally deprecated in NumPy 1.20; for more details and guidance see the original release note at:
    https://numpy.org/devdocs/release/1.20.0-notes.html#deprecations

â•â•â•â•â•â•â•â•â•â•â•â•â•â•â•â•â•â•â•â•â•â•â•â•â•â•â•â•â•â•â•â•â•â•â•â•â•â•â•â•â•â•
[33m        job         [0m
â”€â”€â”€â”€â”€â”€â”€â”€â”€â”€â”€â”€â”€â”€â”€â”€â”€â”€â”€â”€â”¬â”€â”€â”€â”€â”€â”€â”€â”€â”€â”€â”€â”€â”€â”€â”€â”€â”€â”€â”€â”€â”€
       status       â”‚ errored             
     errorTime      â”‚ 2023-10-23 13:21:57.521282
â•â•â•â•â•â•â•â•â•â•â•â•â•â•â•â•â•â•â•â•â•§â•â•â•â•â•â•â•â•â•â•â•â•â•â•â•â•â•â•â•â•â•
â•â•â•â•â•â•â•â•â•â•â•â•â•â•â•â•â•â•â•â•â•â•â•â•â•â•â•â•â•â•â•â•â•â•â•â•â•â•â•â•â•â•
[33m        job         [0m
â”€â”€â”€â”€â”€â”€â”€â”€â”€â”€â”€â”€â”€â”€â”€â”€â”€â”€â”€â”€â”¬â”€â”€â”€â”€â”€â”€â”€â”€â”€â”€â”€â”€â”€â”€â”€â”€â”€â”€â”€â”€â”€
    script_path     â”‚ None                
    script_root     â”‚ /mnt/203663f6-7995-4295-8c53-9e2e9621b487/cqm/decision-diffuser/code/analysis
      counter       â”‚ 2                   
       prefix       â”‚ diffuser/default_inv/predict_epsilon_200_1000000.0/dropout_0.25/hopper-medium-expert-v2/100
        name        â”‚ predict_epsilon_200_1000000.0/dropout_0.25/hopper-medium-expert-v2/100
       status       â”‚ created             
     createTime     â”‚ 2023-10-24 07:21:37.671717
â•â•â•â•â•â•â•â•â•â•â•â•â•â•â•â•â•â•â•â•â•§â•â•â•â•â•â•â•â•â•â•â•â•â•â•â•â•â•â•â•â•â•
[33m      revision      [0m
â”€â”€â”€â”€â”€â”€â”€â”€â”€â”€â”€â”€â”€â”€â”€â”€â”€â”€â”€â”€â”¬â”€â”€â”€â”€â”€â”€â”€â”€â”€â”€â”€â”€â”€â”€â”€â”€â”€â”€â”€â”€â”€
        hash        â”‚ 01ce528c30b4733dc59aa6203e46ec165561158d
       branch       â”‚ refs/heads/main     
â•â•â•â•â•â•â•â•â•â•â•â•â•â•â•â•â•â•â•â•â•§â•â•â•â•â•â•â•â•â•â•â•â•â•â•â•â•â•â•â•â•â•
[33m         fn         [0m
â”€â”€â”€â”€â”€â”€â”€â”€â”€â”€â”€â”€â”€â”€â”€â”€â”€â”€â”€â”€â”¬â”€â”€â”€â”€â”€â”€â”€â”€â”€â”€â”€â”€â”€â”€â”€â”€â”€â”€â”€â”€â”€
        name        â”‚ main                
        doc         â”‚ None                
       module       â”‚ scripts.train       
        file        â”‚ /mnt/203663f6-7995-4295-8c53-9e2e9621b487/cqm/decision-diffuser/code/scripts/train.py
â•â•â•â•â•â•â•â•â•â•â•â•â•â•â•â•â•â•â•â•â•§â•â•â•â•â•â•â•â•â•â•â•â•â•â•â•â•â•â•â•â•â•
[33m        args        [0m
â”€â”€â”€â”€â”€â”€â”€â”€â”€â”€â”€â”€â”€â”€â”€â”€â”€â”€â”€â”€â”¬â”€â”€â”€â”€â”€â”€â”€â”€â”€â”€â”€â”€â”€â”€â”€â”€â”€â”€â”€â”€â”€
()
â•â•â•â•â•â•â•â•â•â•â•â•â•â•â•â•â•â•â•â•â•§â•â•â•â•â•â•â•â•â•â•â•â•â•â•â•â•â•â•â•â•â•
[33m       kwargs       [0m
â”€â”€â”€â”€â”€â”€â”€â”€â”€â”€â”€â”€â”€â”€â”€â”€â”€â”€â”€â”€â”¬â”€â”€â”€â”€â”€â”€â”€â”€â”€â”€â”€â”€â”€â”€â”€â”€â”€â”€â”€â”€â”€
     RUN.prefix     â”‚ diffuser/default_inv/predict_epsilon_200_1000000.0/dropout_0.25/hopper-medium-expert-v2/100
        seed        â”‚ 100                 
 returns_condition  â”‚ True                
  predict_epsilon   â”‚ True                
 n_diffusion_steps  â”‚ 200                 
 condition_dropout  â”‚ 0.25                
     diffusion      â”‚ models.GaussianInvDynDiffusion
   n_train_steps    â”‚ 1000000.0           
      dataset       â”‚ hopper-medium-expert-v2
   returns_scale    â”‚ 400.0               
  RUN.job_counter   â”‚ 1                   
    RUN.job_name    â”‚ predict_epsilon_200_1000000.0/dropout_0.25/hopper-medium-expert-v2/100
â•â•â•â•â•â•â•â•â•â•â•â•â•â•â•â•â•â•â•â•â•§â•â•â•â•â•â•â•â•â•â•â•â•â•â•â•â•â•â•â•â•â•
taking diff, if this step takes too long, check if your uncommitted changes are too large.
â•â•â•â•â•â•â•â•â•â•â•â•â•â•â•â•â•â•â•â•â•â•â•â•â•â•â•â•â•â•â•â•â•â•â•â•â•â•â•â•â•â•
[33m        job         [0m
â”€â”€â”€â”€â”€â”€â”€â”€â”€â”€â”€â”€â”€â”€â”€â”€â”€â”€â”€â”€â”¬â”€â”€â”€â”€â”€â”€â”€â”€â”€â”€â”€â”€â”€â”€â”€â”€â”€â”€â”€â”€â”€
       job_id       â”‚ None                
       status       â”‚ started             
     startTime      â”‚ 2023-10-24 07:21:37.712598
â•â•â•â•â•â•â•â•â•â•â•â•â•â•â•â•â•â•â•â•â•§â•â•â•â•â•â•â•â•â•â•â•â•â•â•â•â•â•â•â•â•â•
[33m        host        [0m
â”€â”€â”€â”€â”€â”€â”€â”€â”€â”€â”€â”€â”€â”€â”€â”€â”€â”€â”€â”€â”¬â”€â”€â”€â”€â”€â”€â”€â”€â”€â”€â”€â”€â”€â”€â”€â”€â”€â”€â”€â”€â”€
      hostname      â”‚ qh802-X299-WU8      
â•â•â•â•â•â•â•â•â•â•â•â•â•â•â•â•â•â•â•â•â•§â•â•â•â•â•â•â•â•â•â•â•â•â•â•â•â•â•â•â•â•â•
â•â•â•â•â•â•â•â•â•â•â•â•â•â•â•â•â•â•â•â•â•â•â•â•â•â•â•â•â•â•â•â•â•â•â•â•â•â•â•â•â•â•
[33m       Config       [0m
â”€â”€â”€â”€â”€â”€â”€â”€â”€â”€â”€â”€â”€â”€â”€â”€â”€â”€â”€â”€â”¬â”€â”€â”€â”€â”€â”€â”€â”€â”€â”€â”€â”€â”€â”€â”€â”€â”€â”€â”€â”€â”€
        seed        â”‚ 100                 
       device       â”‚ cuda                
       bucket       â”‚ /home/aajay/weights/
      dataset       â”‚ hopper-medium-expert-v2
       model        â”‚ models.TemporalUnet 
     diffusion      â”‚ models.GaussianInvDynDiffusion
      horizon       â”‚ 100                 
 n_diffusion_steps  â”‚ 200                 
   action_weight    â”‚ 10                  
    loss_weights    â”‚ None                
   loss_discount    â”‚ 1                   
  predict_epsilon   â”‚ True                
     dim_mults      â”‚ (1, 4, 8)           
 returns_condition  â”‚ True                
    calc_energy     â”‚ False               
        dim         â”‚ 128                 
 condition_dropout  â”‚ 0.25                
condition_guidance_wâ”‚ 1.2                 
      test_ret      â”‚ 0.9                 
      renderer      â”‚ utils.MuJoCoRenderer
       loader       â”‚ datasets.SequenceDataset
     normalizer     â”‚ CDFNormalizer       
   preprocess_fns   â”‚ []                  
   clip_denoised    â”‚ True                
    use_padding     â”‚ True                
  include_returns   â”‚ True                
      discount      â”‚ 0.99                
  max_path_length   â”‚ 1000                
     hidden_dim     â”‚ 256                 
       ar_inv       â”‚ False               
   train_only_inv   â”‚ False               
termination_penalty â”‚ -100                
   returns_scale    â”‚ 400.0               
 n_steps_per_epoch  â”‚ 10000               
     loss_type      â”‚ l2                  
   n_train_steps    â”‚ 1000000.0           
     batch_size     â”‚ 32                  
   learning_rate    â”‚ 0.0002              
gradient_accumulate_everyâ”‚ 2                   
     ema_decay      â”‚ 0.995               
      log_freq      â”‚ 1000                
     save_freq      â”‚ 10000               
    sample_freq     â”‚ 10000               
      n_saves       â”‚ 5                   
   save_parallel    â”‚ False               
    n_reference     â”‚ 8                   
  save_checkpoints  â”‚ False               
â•â•â•â•â•â•â•â•â•â•â•â•â•â•â•â•â•â•â•â•â•§â•â•â•â•â•â•â•â•â•â•â•â•â•â•â•â•â•â•â•â•â•
[33m        RUN         [0m
â”€â”€â”€â”€â”€â”€â”€â”€â”€â”€â”€â”€â”€â”€â”€â”€â”€â”€â”€â”€â”¬â”€â”€â”€â”€â”€â”€â”€â”€â”€â”€â”€â”€â”€â”€â”€â”€â”€â”€â”€â”€â”€
       server       â”‚ /mnt/203663f6-7995-4295-8c53-9e2e9621b487/cqm/decision-diffuser/code/analysis
      username      â”‚ qh802               
      project       â”‚ diffuser            
    script_root     â”‚ /mnt/203663f6-7995-4295-8c53-9e2e9621b487/cqm/decision-diffuser/code/analysis
    script_path     â”‚ None                
        now         â”‚ 2023-10-24 15:21:34.728651+08:00
       prefix       â”‚ diffuser/default_inv/predict_epsilon_200_1000000.0/dropout_0.25/hopper-medium-expert-v2/100
      job_name      â”‚ predict_epsilon_200_1000000.0/dropout_0.25/hopper-medium-expert-v2/100
    job_counter     â”‚ 1                   
       resume       â”‚ True                
       readme       â”‚ None                
       debug        â”‚ False               
CUDA_VISIBLE_DEVICESâ”‚ None                
     file_stem      â”‚ train               
â•â•â•â•â•â•â•â•â•â•â•â•â•â•â•â•â•â•â•â•â•§â•â•â•â•â•â•â•â•â•â•â•â•â•â•â•â•â•â•â•â•â•
Traceback (most recent call last):
  File "/home/qh802/anaconda3/envs/decdiff/lib/python3.8/site-packages/ml_logger/__init__.py", line 203, in thunk
    results = fn(*(args or ARGS), **_KWARGS)
  File "/mnt/203663f6-7995-4295-8c53-9e2e9621b487/cqm/decision-diffuser/code/scripts/train.py", line 49, in main
    dataset = dataset_config()
  File "/mnt/203663f6-7995-4295-8c53-9e2e9621b487/cqm/decision-diffuser/code/diffuser/utils/config.py", line 65, in __call__
    instance = self._class(*args, **kwargs, **self._dict)
  File "/mnt/203663f6-7995-4295-8c53-9e2e9621b487/cqm/decision-diffuser/code/diffuser/datasets/sequence.py", line 31, in __init__
    fields = ReplayBuffer(max_n_episodes, max_path_length, termination_penalty)
  File "/mnt/203663f6-7995-4295-8c53-9e2e9621b487/cqm/decision-diffuser/code/diffuser/datasets/buffer.py", line 12, in __init__
    'path_lengths': np.zeros(max_n_episodes, dtype=np.int),
  File "/home/qh802/anaconda3/envs/decdiff/lib/python3.8/site-packages/numpy/__init__.py", line 305, in __getattr__
    raise AttributeError(__former_attrs__[attr])
AttributeError: module 'numpy' has no attribute 'int'.
`np.int` was a deprecated alias for the builtin `int`. To avoid this error in existing code, use `int` by itself. Doing this will not modify any behavior and is safe. When replacing `np.int`, you may wish to use e.g. `np.int64` or `np.int32` to specify the precision. If you wish to review your current use, check the release note link for additional information.
The aliases was originally deprecated in NumPy 1.20; for more details and guidance see the original release note at:
    https://numpy.org/devdocs/release/1.20.0-notes.html#deprecations

â•â•â•â•â•â•â•â•â•â•â•â•â•â•â•â•â•â•â•â•â•â•â•â•â•â•â•â•â•â•â•â•â•â•â•â•â•â•â•â•â•â•
[33m        job         [0m
â”€â”€â”€â”€â”€â”€â”€â”€â”€â”€â”€â”€â”€â”€â”€â”€â”€â”€â”€â”€â”¬â”€â”€â”€â”€â”€â”€â”€â”€â”€â”€â”€â”€â”€â”€â”€â”€â”€â”€â”€â”€â”€
       status       â”‚ errored             
     errorTime      â”‚ 2023-10-24 07:21:37.735666
â•â•â•â•â•â•â•â•â•â•â•â•â•â•â•â•â•â•â•â•â•§â•â•â•â•â•â•â•â•â•â•â•â•â•â•â•â•â•â•â•â•â•
â•â•â•â•â•â•â•â•â•â•â•â•â•â•â•â•â•â•â•â•â•â•â•â•â•â•â•â•â•â•â•â•â•â•â•â•â•â•â•â•â•â•
[33m        job         [0m
â”€â”€â”€â”€â”€â”€â”€â”€â”€â”€â”€â”€â”€â”€â”€â”€â”€â”€â”€â”€â”¬â”€â”€â”€â”€â”€â”€â”€â”€â”€â”€â”€â”€â”€â”€â”€â”€â”€â”€â”€â”€â”€
    script_path     â”‚ None                
    script_root     â”‚ /mnt/203663f6-7995-4295-8c53-9e2e9621b487/cqm/decision-diffuser/code/analysis
      counter       â”‚ 2                   
       prefix       â”‚ diffuser/default_inv/predict_epsilon_200_1000000.0/dropout_0.25/hopper-medium-expert-v2/100
        name        â”‚ predict_epsilon_200_1000000.0/dropout_0.25/hopper-medium-expert-v2/100
       status       â”‚ created             
     createTime     â”‚ 2023-10-24 07:22:39.281472
â•â•â•â•â•â•â•â•â•â•â•â•â•â•â•â•â•â•â•â•â•§â•â•â•â•â•â•â•â•â•â•â•â•â•â•â•â•â•â•â•â•â•
[33m      revision      [0m
â”€â”€â”€â”€â”€â”€â”€â”€â”€â”€â”€â”€â”€â”€â”€â”€â”€â”€â”€â”€â”¬â”€â”€â”€â”€â”€â”€â”€â”€â”€â”€â”€â”€â”€â”€â”€â”€â”€â”€â”€â”€â”€
        hash        â”‚ 01ce528c30b4733dc59aa6203e46ec165561158d
       branch       â”‚ refs/heads/main     
â•â•â•â•â•â•â•â•â•â•â•â•â•â•â•â•â•â•â•â•â•§â•â•â•â•â•â•â•â•â•â•â•â•â•â•â•â•â•â•â•â•â•
[33m         fn         [0m
â”€â”€â”€â”€â”€â”€â”€â”€â”€â”€â”€â”€â”€â”€â”€â”€â”€â”€â”€â”€â”¬â”€â”€â”€â”€â”€â”€â”€â”€â”€â”€â”€â”€â”€â”€â”€â”€â”€â”€â”€â”€â”€
        name        â”‚ main                
        doc         â”‚ None                
       module       â”‚ scripts.train       
        file        â”‚ /mnt/203663f6-7995-4295-8c53-9e2e9621b487/cqm/decision-diffuser/code/scripts/train.py
â•â•â•â•â•â•â•â•â•â•â•â•â•â•â•â•â•â•â•â•â•§â•â•â•â•â•â•â•â•â•â•â•â•â•â•â•â•â•â•â•â•â•
[33m        args        [0m
â”€â”€â”€â”€â”€â”€â”€â”€â”€â”€â”€â”€â”€â”€â”€â”€â”€â”€â”€â”€â”¬â”€â”€â”€â”€â”€â”€â”€â”€â”€â”€â”€â”€â”€â”€â”€â”€â”€â”€â”€â”€â”€
()
â•â•â•â•â•â•â•â•â•â•â•â•â•â•â•â•â•â•â•â•â•§â•â•â•â•â•â•â•â•â•â•â•â•â•â•â•â•â•â•â•â•â•
[33m       kwargs       [0m
â”€â”€â”€â”€â”€â”€â”€â”€â”€â”€â”€â”€â”€â”€â”€â”€â”€â”€â”€â”€â”¬â”€â”€â”€â”€â”€â”€â”€â”€â”€â”€â”€â”€â”€â”€â”€â”€â”€â”€â”€â”€â”€
     RUN.prefix     â”‚ diffuser/default_inv/predict_epsilon_200_1000000.0/dropout_0.25/hopper-medium-expert-v2/100
        seed        â”‚ 100                 
 returns_condition  â”‚ True                
  predict_epsilon   â”‚ True                
 n_diffusion_steps  â”‚ 200                 
 condition_dropout  â”‚ 0.25                
     diffusion      â”‚ models.GaussianInvDynDiffusion
   n_train_steps    â”‚ 1000000.0           
      dataset       â”‚ hopper-medium-expert-v2
   returns_scale    â”‚ 400.0               
  RUN.job_counter   â”‚ 1                   
    RUN.job_name    â”‚ predict_epsilon_200_1000000.0/dropout_0.25/hopper-medium-expert-v2/100
â•â•â•â•â•â•â•â•â•â•â•â•â•â•â•â•â•â•â•â•â•§â•â•â•â•â•â•â•â•â•â•â•â•â•â•â•â•â•â•â•â•â•
taking diff, if this step takes too long, check if your uncommitted changes are too large.
â•â•â•â•â•â•â•â•â•â•â•â•â•â•â•â•â•â•â•â•â•â•â•â•â•â•â•â•â•â•â•â•â•â•â•â•â•â•â•â•â•â•
[33m        job         [0m
â”€â”€â”€â”€â”€â”€â”€â”€â”€â”€â”€â”€â”€â”€â”€â”€â”€â”€â”€â”€â”¬â”€â”€â”€â”€â”€â”€â”€â”€â”€â”€â”€â”€â”€â”€â”€â”€â”€â”€â”€â”€â”€
       job_id       â”‚ None                
       status       â”‚ started             
     startTime      â”‚ 2023-10-24 07:22:39.321104
â•â•â•â•â•â•â•â•â•â•â•â•â•â•â•â•â•â•â•â•â•§â•â•â•â•â•â•â•â•â•â•â•â•â•â•â•â•â•â•â•â•â•
[33m        host        [0m
â”€â”€â”€â”€â”€â”€â”€â”€â”€â”€â”€â”€â”€â”€â”€â”€â”€â”€â”€â”€â”¬â”€â”€â”€â”€â”€â”€â”€â”€â”€â”€â”€â”€â”€â”€â”€â”€â”€â”€â”€â”€â”€
      hostname      â”‚ qh802-X299-WU8      
â•â•â•â•â•â•â•â•â•â•â•â•â•â•â•â•â•â•â•â•â•§â•â•â•â•â•â•â•â•â•â•â•â•â•â•â•â•â•â•â•â•â•
â•â•â•â•â•â•â•â•â•â•â•â•â•â•â•â•â•â•â•â•â•â•â•â•â•â•â•â•â•â•â•â•â•â•â•â•â•â•â•â•â•â•
[33m       Config       [0m
â”€â”€â”€â”€â”€â”€â”€â”€â”€â”€â”€â”€â”€â”€â”€â”€â”€â”€â”€â”€â”¬â”€â”€â”€â”€â”€â”€â”€â”€â”€â”€â”€â”€â”€â”€â”€â”€â”€â”€â”€â”€â”€
        seed        â”‚ 100                 
       device       â”‚ cuda                
       bucket       â”‚ /home/aajay/weights/
      dataset       â”‚ hopper-medium-expert-v2
       model        â”‚ models.TemporalUnet 
     diffusion      â”‚ models.GaussianInvDynDiffusion
      horizon       â”‚ 100                 
 n_diffusion_steps  â”‚ 200                 
   action_weight    â”‚ 10                  
    loss_weights    â”‚ None                
   loss_discount    â”‚ 1                   
  predict_epsilon   â”‚ True                
     dim_mults      â”‚ (1, 4, 8)           
 returns_condition  â”‚ True                
    calc_energy     â”‚ False               
        dim         â”‚ 128                 
 condition_dropout  â”‚ 0.25                
condition_guidance_wâ”‚ 1.2                 
      test_ret      â”‚ 0.9                 
      renderer      â”‚ utils.MuJoCoRenderer
       loader       â”‚ datasets.SequenceDataset
     normalizer     â”‚ CDFNormalizer       
   preprocess_fns   â”‚ []                  
   clip_denoised    â”‚ True                
    use_padding     â”‚ True                
  include_returns   â”‚ True                
      discount      â”‚ 0.99                
  max_path_length   â”‚ 1000                
     hidden_dim     â”‚ 256                 
       ar_inv       â”‚ False               
   train_only_inv   â”‚ False               
termination_penalty â”‚ -100                
   returns_scale    â”‚ 400.0               
 n_steps_per_epoch  â”‚ 10000               
     loss_type      â”‚ l2                  
   n_train_steps    â”‚ 1000000.0           
     batch_size     â”‚ 32                  
   learning_rate    â”‚ 0.0002              
gradient_accumulate_everyâ”‚ 2                   
     ema_decay      â”‚ 0.995               
      log_freq      â”‚ 1000                
     save_freq      â”‚ 10000               
    sample_freq     â”‚ 10000               
      n_saves       â”‚ 5                   
   save_parallel    â”‚ False               
    n_reference     â”‚ 8                   
  save_checkpoints  â”‚ False               
â•â•â•â•â•â•â•â•â•â•â•â•â•â•â•â•â•â•â•â•â•§â•â•â•â•â•â•â•â•â•â•â•â•â•â•â•â•â•â•â•â•â•
[33m        RUN         [0m
â”€â”€â”€â”€â”€â”€â”€â”€â”€â”€â”€â”€â”€â”€â”€â”€â”€â”€â”€â”€â”¬â”€â”€â”€â”€â”€â”€â”€â”€â”€â”€â”€â”€â”€â”€â”€â”€â”€â”€â”€â”€â”€
       server       â”‚ /mnt/203663f6-7995-4295-8c53-9e2e9621b487/cqm/decision-diffuser/code/analysis
      username      â”‚ qh802               
      project       â”‚ diffuser            
    script_root     â”‚ /mnt/203663f6-7995-4295-8c53-9e2e9621b487/cqm/decision-diffuser/code/analysis
    script_path     â”‚ None                
        now         â”‚ 2023-10-24 15:22:36.350470+08:00
       prefix       â”‚ diffuser/default_inv/predict_epsilon_200_1000000.0/dropout_0.25/hopper-medium-expert-v2/100
      job_name      â”‚ predict_epsilon_200_1000000.0/dropout_0.25/hopper-medium-expert-v2/100
    job_counter     â”‚ 1                   
       resume       â”‚ True                
       readme       â”‚ None                
       debug        â”‚ False               
CUDA_VISIBLE_DEVICESâ”‚ None                
     file_stem      â”‚ train               
â•â•â•â•â•â•â•â•â•â•â•â•â•â•â•â•â•â•â•â•â•§â•â•â•â•â•â•â•â•â•â•â•â•â•â•â•â•â•â•â•â•â•
Testing forward... âœ“
Epoch 0 / 100 | diffuser/default_inv/predict_epsilon_200_1000000.0/dropout_0.25/hopper-medium-expert-v2/100
Traceback (most recent call last):
  File "/home/qh802/anaconda3/envs/decdiff/lib/python3.8/site-packages/ml_logger/__init__.py", line 203, in thunk
    results = fn(*(args or ARGS), **_KWARGS)
  File "/mnt/203663f6-7995-4295-8c53-9e2e9621b487/cqm/decision-diffuser/code/scripts/train.py", line 175, in main
    trainer.train(n_train_steps=Config.n_steps_per_epoch)
  File "/mnt/203663f6-7995-4295-8c53-9e2e9621b487/cqm/decision-diffuser/code/diffuser/utils/training.py", line 127, in train
    self.save()
  File "/mnt/203663f6-7995-4295-8c53-9e2e9621b487/cqm/decision-diffuser/code/diffuser/utils/training.py", line 161, in save
    os.makedirs(savepath, exist_ok=True)
  File "/home/qh802/anaconda3/envs/decdiff/lib/python3.8/os.py", line 211, in makedirs
    makedirs(head, exist_ok=exist_ok)
  File "/home/qh802/anaconda3/envs/decdiff/lib/python3.8/os.py", line 211, in makedirs
    makedirs(head, exist_ok=exist_ok)
  File "/home/qh802/anaconda3/envs/decdiff/lib/python3.8/os.py", line 211, in makedirs
    makedirs(head, exist_ok=exist_ok)
  [Previous line repeated 5 more times]
  File "/home/qh802/anaconda3/envs/decdiff/lib/python3.8/os.py", line 221, in makedirs
    mkdir(name, mode)
PermissionError: [Errno 13] Permission denied: '/home/aajay'

â•â•â•â•â•â•â•â•â•â•â•â•â•â•â•â•â•â•â•â•â•â•â•â•â•â•â•â•â•â•â•â•â•â•â•â•â•â•â•â•â•â•
[33m        job         [0m
â”€â”€â”€â”€â”€â”€â”€â”€â”€â”€â”€â”€â”€â”€â”€â”€â”€â”€â”€â”€â”¬â”€â”€â”€â”€â”€â”€â”€â”€â”€â”€â”€â”€â”€â”€â”€â”€â”€â”€â”€â”€â”€
       status       â”‚ errored             
     errorTime      â”‚ 2023-10-24 07:25:06.115627
â•â•â•â•â•â•â•â•â•â•â•â•â•â•â•â•â•â•â•â•â•§â•â•â•â•â•â•â•â•â•â•â•â•â•â•â•â•â•â•â•â•â•
â•â•â•â•â•â•â•â•â•â•â•â•â•â•â•â•â•â•â•â•â•â•â•â•â•â•â•â•â•â•â•â•â•â•â•â•â•â•â•â•â•â•
[33m        job         [0m
â”€â”€â”€â”€â”€â”€â”€â”€â”€â”€â”€â”€â”€â”€â”€â”€â”€â”€â”€â”€â”¬â”€â”€â”€â”€â”€â”€â”€â”€â”€â”€â”€â”€â”€â”€â”€â”€â”€â”€â”€â”€â”€
    script_path     â”‚ None                
    script_root     â”‚ /mnt/203663f6-7995-4295-8c53-9e2e9621b487/cqm/decision-diffuser/code/analysis
      counter       â”‚ 2                   
       prefix       â”‚ diffuser/default_inv/predict_epsilon_200_1000000.0/dropout_0.25/hopper-medium-expert-v2/100
        name        â”‚ predict_epsilon_200_1000000.0/dropout_0.25/hopper-medium-expert-v2/100
       status       â”‚ created             
     createTime     â”‚ 2023-10-24 07:30:56.386813
â•â•â•â•â•â•â•â•â•â•â•â•â•â•â•â•â•â•â•â•â•§â•â•â•â•â•â•â•â•â•â•â•â•â•â•â•â•â•â•â•â•â•
[33m      revision      [0m
â”€â”€â”€â”€â”€â”€â”€â”€â”€â”€â”€â”€â”€â”€â”€â”€â”€â”€â”€â”€â”¬â”€â”€â”€â”€â”€â”€â”€â”€â”€â”€â”€â”€â”€â”€â”€â”€â”€â”€â”€â”€â”€
        hash        â”‚ 01ce528c30b4733dc59aa6203e46ec165561158d
       branch       â”‚ refs/heads/main     
â•â•â•â•â•â•â•â•â•â•â•â•â•â•â•â•â•â•â•â•â•§â•â•â•â•â•â•â•â•â•â•â•â•â•â•â•â•â•â•â•â•â•
[33m         fn         [0m
â”€â”€â”€â”€â”€â”€â”€â”€â”€â”€â”€â”€â”€â”€â”€â”€â”€â”€â”€â”€â”¬â”€â”€â”€â”€â”€â”€â”€â”€â”€â”€â”€â”€â”€â”€â”€â”€â”€â”€â”€â”€â”€
        name        â”‚ main                
        doc         â”‚ None                
       module       â”‚ scripts.train       
        file        â”‚ /mnt/203663f6-7995-4295-8c53-9e2e9621b487/cqm/decision-diffuser/code/scripts/train.py
â•â•â•â•â•â•â•â•â•â•â•â•â•â•â•â•â•â•â•â•â•§â•â•â•â•â•â•â•â•â•â•â•â•â•â•â•â•â•â•â•â•â•
[33m        args        [0m
â”€â”€â”€â”€â”€â”€â”€â”€â”€â”€â”€â”€â”€â”€â”€â”€â”€â”€â”€â”€â”¬â”€â”€â”€â”€â”€â”€â”€â”€â”€â”€â”€â”€â”€â”€â”€â”€â”€â”€â”€â”€â”€
()
â•â•â•â•â•â•â•â•â•â•â•â•â•â•â•â•â•â•â•â•â•§â•â•â•â•â•â•â•â•â•â•â•â•â•â•â•â•â•â•â•â•â•
[33m       kwargs       [0m
â”€â”€â”€â”€â”€â”€â”€â”€â”€â”€â”€â”€â”€â”€â”€â”€â”€â”€â”€â”€â”¬â”€â”€â”€â”€â”€â”€â”€â”€â”€â”€â”€â”€â”€â”€â”€â”€â”€â”€â”€â”€â”€
     RUN.prefix     â”‚ diffuser/default_inv/predict_epsilon_200_1000000.0/dropout_0.25/hopper-medium-expert-v2/100
        seed        â”‚ 100                 
 returns_condition  â”‚ True                
  predict_epsilon   â”‚ True                
 n_diffusion_steps  â”‚ 200                 
 condition_dropout  â”‚ 0.25                
     diffusion      â”‚ models.GaussianInvDynDiffusion
   n_train_steps    â”‚ 1000000.0           
      dataset       â”‚ hopper-medium-expert-v2
   returns_scale    â”‚ 400.0               
  RUN.job_counter   â”‚ 1                   
    RUN.job_name    â”‚ predict_epsilon_200_1000000.0/dropout_0.25/hopper-medium-expert-v2/100
â•â•â•â•â•â•â•â•â•â•â•â•â•â•â•â•â•â•â•â•â•§â•â•â•â•â•â•â•â•â•â•â•â•â•â•â•â•â•â•â•â•â•
taking diff, if this step takes too long, check if your uncommitted changes are too large.
â•â•â•â•â•â•â•â•â•â•â•â•â•â•â•â•â•â•â•â•â•â•â•â•â•â•â•â•â•â•â•â•â•â•â•â•â•â•â•â•â•â•
[33m        job         [0m
â”€â”€â”€â”€â”€â”€â”€â”€â”€â”€â”€â”€â”€â”€â”€â”€â”€â”€â”€â”€â”¬â”€â”€â”€â”€â”€â”€â”€â”€â”€â”€â”€â”€â”€â”€â”€â”€â”€â”€â”€â”€â”€
       job_id       â”‚ None                
       status       â”‚ started             
     startTime      â”‚ 2023-10-24 07:30:56.433915
â•â•â•â•â•â•â•â•â•â•â•â•â•â•â•â•â•â•â•â•â•§â•â•â•â•â•â•â•â•â•â•â•â•â•â•â•â•â•â•â•â•â•
[33m        host        [0m
â”€â”€â”€â”€â”€â”€â”€â”€â”€â”€â”€â”€â”€â”€â”€â”€â”€â”€â”€â”€â”¬â”€â”€â”€â”€â”€â”€â”€â”€â”€â”€â”€â”€â”€â”€â”€â”€â”€â”€â”€â”€â”€
      hostname      â”‚ qh802-X299-WU8      
â•â•â•â•â•â•â•â•â•â•â•â•â•â•â•â•â•â•â•â•â•§â•â•â•â•â•â•â•â•â•â•â•â•â•â•â•â•â•â•â•â•â•
â•â•â•â•â•â•â•â•â•â•â•â•â•â•â•â•â•â•â•â•â•â•â•â•â•â•â•â•â•â•â•â•â•â•â•â•â•â•â•â•â•â•
[33m       Config       [0m
â”€â”€â”€â”€â”€â”€â”€â”€â”€â”€â”€â”€â”€â”€â”€â”€â”€â”€â”€â”€â”¬â”€â”€â”€â”€â”€â”€â”€â”€â”€â”€â”€â”€â”€â”€â”€â”€â”€â”€â”€â”€â”€
        seed        â”‚ 100                 
       device       â”‚ cuda                
       bucket       â”‚ /home/aajay/weights/
      dataset       â”‚ hopper-medium-expert-v2
       model        â”‚ models.TemporalUnet 
     diffusion      â”‚ models.GaussianInvDynDiffusion
      horizon       â”‚ 100                 
 n_diffusion_steps  â”‚ 200                 
   action_weight    â”‚ 10                  
    loss_weights    â”‚ None                
   loss_discount    â”‚ 1                   
  predict_epsilon   â”‚ True                
     dim_mults      â”‚ (1, 4, 8)           
 returns_condition  â”‚ True                
    calc_energy     â”‚ False               
        dim         â”‚ 128                 
 condition_dropout  â”‚ 0.25                
condition_guidance_wâ”‚ 1.2                 
      test_ret      â”‚ 0.9                 
      renderer      â”‚ utils.MuJoCoRenderer
       loader       â”‚ datasets.SequenceDataset
     normalizer     â”‚ CDFNormalizer       
   preprocess_fns   â”‚ []                  
   clip_denoised    â”‚ True                
    use_padding     â”‚ True                
  include_returns   â”‚ True                
      discount      â”‚ 0.99                
  max_path_length   â”‚ 1000                
     hidden_dim     â”‚ 256                 
       ar_inv       â”‚ False               
   train_only_inv   â”‚ False               
termination_penalty â”‚ -100                
   returns_scale    â”‚ 400.0               
 n_steps_per_epoch  â”‚ 10000               
     loss_type      â”‚ l2                  
   n_train_steps    â”‚ 1000000.0           
     batch_size     â”‚ 32                  
   learning_rate    â”‚ 0.0002              
gradient_accumulate_everyâ”‚ 2                   
     ema_decay      â”‚ 0.995               
      log_freq      â”‚ 1000                
     save_freq      â”‚ 10000               
    sample_freq     â”‚ 10000               
      n_saves       â”‚ 5                   
   save_parallel    â”‚ False               
    n_reference     â”‚ 8                   
  save_checkpoints  â”‚ False               
â•â•â•â•â•â•â•â•â•â•â•â•â•â•â•â•â•â•â•â•â•§â•â•â•â•â•â•â•â•â•â•â•â•â•â•â•â•â•â•â•â•â•
[33m        RUN         [0m
â”€â”€â”€â”€â”€â”€â”€â”€â”€â”€â”€â”€â”€â”€â”€â”€â”€â”€â”€â”€â”¬â”€â”€â”€â”€â”€â”€â”€â”€â”€â”€â”€â”€â”€â”€â”€â”€â”€â”€â”€â”€â”€
       server       â”‚ /mnt/203663f6-7995-4295-8c53-9e2e9621b487/cqm/decision-diffuser/code/analysis
      username      â”‚ qh802               
      project       â”‚ diffuser            
    script_root     â”‚ /mnt/203663f6-7995-4295-8c53-9e2e9621b487/cqm/decision-diffuser/code/analysis
    script_path     â”‚ None                
        now         â”‚ 2023-10-24 15:30:53.216402+08:00
       prefix       â”‚ diffuser/default_inv/predict_epsilon_200_1000000.0/dropout_0.25/hopper-medium-expert-v2/100
      job_name      â”‚ predict_epsilon_200_1000000.0/dropout_0.25/hopper-medium-expert-v2/100
    job_counter     â”‚ 1                   
       resume       â”‚ True                
       readme       â”‚ None                
       debug        â”‚ False               
CUDA_VISIBLE_DEVICESâ”‚ None                
     file_stem      â”‚ train               
â•â•â•â•â•â•â•â•â•â•â•â•â•â•â•â•â•â•â•â•â•§â•â•â•â•â•â•â•â•â•â•â•â•â•â•â•â•â•â•â•â•â•
Testing forward... âœ“
Epoch 0 / 100 | diffuser/default_inv/predict_epsilon_200_1000000.0/dropout_0.25/hopper-medium-expert-v2/100
Traceback (most recent call last):
  File "/home/qh802/anaconda3/envs/decdiff/lib/python3.8/site-packages/ml_logger/__init__.py", line 203, in thunk
    results = fn(*(args or ARGS), **_KWARGS)
  File "/mnt/203663f6-7995-4295-8c53-9e2e9621b487/cqm/decision-diffuser/code/scripts/train.py", line 175, in main
    trainer.train(n_train_steps=Config.n_steps_per_epoch)
  File "/mnt/203663f6-7995-4295-8c53-9e2e9621b487/cqm/decision-diffuser/code/diffuser/utils/training.py", line 127, in train
    self.save()
  File "/mnt/203663f6-7995-4295-8c53-9e2e9621b487/cqm/decision-diffuser/code/diffuser/utils/training.py", line 163, in save
    os.makedirs(savepath, exist_ok=True)
  File "/mnt/203663f6-7995-4295-8c53-9e2e9621b487/cqm/decision-diffuser/code/diffuser/utils/training.py", line 163, in save
    os.makedirs(savepath, exist_ok=True)
  File "/home/qh802/anaconda3/envs/decdiff/lib/python3.8/bdb.py", line 88, in trace_dispatch
    return self.dispatch_line(frame)
  File "/home/qh802/anaconda3/envs/decdiff/lib/python3.8/bdb.py", line 113, in dispatch_line
    if self.quitting: raise BdbQuit
bdb.BdbQuit

â•â•â•â•â•â•â•â•â•â•â•â•â•â•â•â•â•â•â•â•â•â•â•â•â•â•â•â•â•â•â•â•â•â•â•â•â•â•â•â•â•â•
[33m        job         [0m
â”€â”€â”€â”€â”€â”€â”€â”€â”€â”€â”€â”€â”€â”€â”€â”€â”€â”€â”€â”€â”¬â”€â”€â”€â”€â”€â”€â”€â”€â”€â”€â”€â”€â”€â”€â”€â”€â”€â”€â”€â”€â”€
       status       â”‚ errored             
     errorTime      â”‚ 2023-10-24 07:34:11.632412
â•â•â•â•â•â•â•â•â•â•â•â•â•â•â•â•â•â•â•â•â•§â•â•â•â•â•â•â•â•â•â•â•â•â•â•â•â•â•â•â•â•â•
â•â•â•â•â•â•â•â•â•â•â•â•â•â•â•â•â•â•â•â•â•â•â•â•â•â•â•â•â•â•â•â•â•â•â•â•â•â•â•â•â•â•
[33m        job         [0m
â”€â”€â”€â”€â”€â”€â”€â”€â”€â”€â”€â”€â”€â”€â”€â”€â”€â”€â”€â”€â”¬â”€â”€â”€â”€â”€â”€â”€â”€â”€â”€â”€â”€â”€â”€â”€â”€â”€â”€â”€â”€â”€
    script_path     â”‚ None                
    script_root     â”‚ /mnt/203663f6-7995-4295-8c53-9e2e9621b487/cqm/decision-diffuser/code/analysis
      counter       â”‚ 2                   
       prefix       â”‚ diffuser/default_inv/predict_epsilon_200_1000000.0/dropout_0.25/hopper-medium-expert-v2/100
        name        â”‚ predict_epsilon_200_1000000.0/dropout_0.25/hopper-medium-expert-v2/100
       status       â”‚ created             
     createTime     â”‚ 2023-10-24 07:34:18.960910
â•â•â•â•â•â•â•â•â•â•â•â•â•â•â•â•â•â•â•â•â•§â•â•â•â•â•â•â•â•â•â•â•â•â•â•â•â•â•â•â•â•â•
[33m      revision      [0m
â”€â”€â”€â”€â”€â”€â”€â”€â”€â”€â”€â”€â”€â”€â”€â”€â”€â”€â”€â”€â”¬â”€â”€â”€â”€â”€â”€â”€â”€â”€â”€â”€â”€â”€â”€â”€â”€â”€â”€â”€â”€â”€
        hash        â”‚ 01ce528c30b4733dc59aa6203e46ec165561158d
       branch       â”‚ refs/heads/main     
â•â•â•â•â•â•â•â•â•â•â•â•â•â•â•â•â•â•â•â•â•§â•â•â•â•â•â•â•â•â•â•â•â•â•â•â•â•â•â•â•â•â•
[33m         fn         [0m
â”€â”€â”€â”€â”€â”€â”€â”€â”€â”€â”€â”€â”€â”€â”€â”€â”€â”€â”€â”€â”¬â”€â”€â”€â”€â”€â”€â”€â”€â”€â”€â”€â”€â”€â”€â”€â”€â”€â”€â”€â”€â”€
        name        â”‚ main                
        doc         â”‚ None                
       module       â”‚ scripts.train       
        file        â”‚ /mnt/203663f6-7995-4295-8c53-9e2e9621b487/cqm/decision-diffuser/code/scripts/train.py
â•â•â•â•â•â•â•â•â•â•â•â•â•â•â•â•â•â•â•â•â•§â•â•â•â•â•â•â•â•â•â•â•â•â•â•â•â•â•â•â•â•â•
[33m        args        [0m
â”€â”€â”€â”€â”€â”€â”€â”€â”€â”€â”€â”€â”€â”€â”€â”€â”€â”€â”€â”€â”¬â”€â”€â”€â”€â”€â”€â”€â”€â”€â”€â”€â”€â”€â”€â”€â”€â”€â”€â”€â”€â”€
()
â•â•â•â•â•â•â•â•â•â•â•â•â•â•â•â•â•â•â•â•â•§â•â•â•â•â•â•â•â•â•â•â•â•â•â•â•â•â•â•â•â•â•
[33m       kwargs       [0m
â”€â”€â”€â”€â”€â”€â”€â”€â”€â”€â”€â”€â”€â”€â”€â”€â”€â”€â”€â”€â”¬â”€â”€â”€â”€â”€â”€â”€â”€â”€â”€â”€â”€â”€â”€â”€â”€â”€â”€â”€â”€â”€
     RUN.prefix     â”‚ diffuser/default_inv/predict_epsilon_200_1000000.0/dropout_0.25/hopper-medium-expert-v2/100
        seed        â”‚ 100                 
 returns_condition  â”‚ True                
  predict_epsilon   â”‚ True                
 n_diffusion_steps  â”‚ 200                 
 condition_dropout  â”‚ 0.25                
     diffusion      â”‚ models.GaussianInvDynDiffusion
   n_train_steps    â”‚ 1000000.0           
      dataset       â”‚ hopper-medium-expert-v2
   returns_scale    â”‚ 400.0               
  RUN.job_counter   â”‚ 1                   
    RUN.job_name    â”‚ predict_epsilon_200_1000000.0/dropout_0.25/hopper-medium-expert-v2/100
â•â•â•â•â•â•â•â•â•â•â•â•â•â•â•â•â•â•â•â•â•§â•â•â•â•â•â•â•â•â•â•â•â•â•â•â•â•â•â•â•â•â•
taking diff, if this step takes too long, check if your uncommitted changes are too large.
â•â•â•â•â•â•â•â•â•â•â•â•â•â•â•â•â•â•â•â•â•â•â•â•â•â•â•â•â•â•â•â•â•â•â•â•â•â•â•â•â•â•
[33m        job         [0m
â”€â”€â”€â”€â”€â”€â”€â”€â”€â”€â”€â”€â”€â”€â”€â”€â”€â”€â”€â”€â”¬â”€â”€â”€â”€â”€â”€â”€â”€â”€â”€â”€â”€â”€â”€â”€â”€â”€â”€â”€â”€â”€
       job_id       â”‚ None                
       status       â”‚ started             
     startTime      â”‚ 2023-10-24 07:34:19.003170
â•â•â•â•â•â•â•â•â•â•â•â•â•â•â•â•â•â•â•â•â•§â•â•â•â•â•â•â•â•â•â•â•â•â•â•â•â•â•â•â•â•â•
[33m        host        [0m
â”€â”€â”€â”€â”€â”€â”€â”€â”€â”€â”€â”€â”€â”€â”€â”€â”€â”€â”€â”€â”¬â”€â”€â”€â”€â”€â”€â”€â”€â”€â”€â”€â”€â”€â”€â”€â”€â”€â”€â”€â”€â”€
      hostname      â”‚ qh802-X299-WU8      
â•â•â•â•â•â•â•â•â•â•â•â•â•â•â•â•â•â•â•â•â•§â•â•â•â•â•â•â•â•â•â•â•â•â•â•â•â•â•â•â•â•â•
â•â•â•â•â•â•â•â•â•â•â•â•â•â•â•â•â•â•â•â•â•â•â•â•â•â•â•â•â•â•â•â•â•â•â•â•â•â•â•â•â•â•
[33m       Config       [0m
â”€â”€â”€â”€â”€â”€â”€â”€â”€â”€â”€â”€â”€â”€â”€â”€â”€â”€â”€â”€â”¬â”€â”€â”€â”€â”€â”€â”€â”€â”€â”€â”€â”€â”€â”€â”€â”€â”€â”€â”€â”€â”€
        seed        â”‚ 100                 
       device       â”‚ cuda                
       bucket       â”‚ /mnt/203663f6-7995-4295-8c53-9e2e9621b487/cqm/decision-diffuser/weights/
      dataset       â”‚ hopper-medium-expert-v2
       model        â”‚ models.TemporalUnet 
     diffusion      â”‚ models.GaussianInvDynDiffusion
      horizon       â”‚ 100                 
 n_diffusion_steps  â”‚ 200                 
   action_weight    â”‚ 10                  
    loss_weights    â”‚ None                
   loss_discount    â”‚ 1                   
  predict_epsilon   â”‚ True                
     dim_mults      â”‚ (1, 4, 8)           
 returns_condition  â”‚ True                
    calc_energy     â”‚ False               
        dim         â”‚ 128                 
 condition_dropout  â”‚ 0.25                
condition_guidance_wâ”‚ 1.2                 
      test_ret      â”‚ 0.9                 
      renderer      â”‚ utils.MuJoCoRenderer
       loader       â”‚ datasets.SequenceDataset
     normalizer     â”‚ CDFNormalizer       
   preprocess_fns   â”‚ []                  
   clip_denoised    â”‚ True                
    use_padding     â”‚ True                
  include_returns   â”‚ True                
      discount      â”‚ 0.99                
  max_path_length   â”‚ 1000                
     hidden_dim     â”‚ 256                 
       ar_inv       â”‚ False               
   train_only_inv   â”‚ False               
termination_penalty â”‚ -100                
   returns_scale    â”‚ 400.0               
 n_steps_per_epoch  â”‚ 10000               
     loss_type      â”‚ l2                  
   n_train_steps    â”‚ 1000000.0           
     batch_size     â”‚ 32                  
   learning_rate    â”‚ 0.0002              
gradient_accumulate_everyâ”‚ 2                   
     ema_decay      â”‚ 0.995               
      log_freq      â”‚ 1000                
     save_freq      â”‚ 10000               
    sample_freq     â”‚ 10000               
      n_saves       â”‚ 5                   
   save_parallel    â”‚ False               
    n_reference     â”‚ 8                   
  save_checkpoints  â”‚ False               
â•â•â•â•â•â•â•â•â•â•â•â•â•â•â•â•â•â•â•â•â•§â•â•â•â•â•â•â•â•â•â•â•â•â•â•â•â•â•â•â•â•â•
[33m        RUN         [0m
â”€â”€â”€â”€â”€â”€â”€â”€â”€â”€â”€â”€â”€â”€â”€â”€â”€â”€â”€â”€â”¬â”€â”€â”€â”€â”€â”€â”€â”€â”€â”€â”€â”€â”€â”€â”€â”€â”€â”€â”€â”€â”€
       server       â”‚ /mnt/203663f6-7995-4295-8c53-9e2e9621b487/cqm/decision-diffuser/code/analysis
      username      â”‚ qh802               
      project       â”‚ diffuser            
    script_root     â”‚ /mnt/203663f6-7995-4295-8c53-9e2e9621b487/cqm/decision-diffuser/code/analysis
    script_path     â”‚ None                
        now         â”‚ 2023-10-24 15:34:15.829613+08:00
       prefix       â”‚ diffuser/default_inv/predict_epsilon_200_1000000.0/dropout_0.25/hopper-medium-expert-v2/100
      job_name      â”‚ predict_epsilon_200_1000000.0/dropout_0.25/hopper-medium-expert-v2/100
    job_counter     â”‚ 1                   
       resume       â”‚ True                
       readme       â”‚ None                
       debug        â”‚ False               
CUDA_VISIBLE_DEVICESâ”‚ None                
     file_stem      â”‚ train               
â•â•â•â•â•â•â•â•â•â•â•â•â•â•â•â•â•â•â•â•â•§â•â•â•â•â•â•â•â•â•â•â•â•â•â•â•â•â•â•â•â•â•
Testing forward... âœ“
Epoch 0 / 100 | diffuser/default_inv/predict_epsilon_200_1000000.0/dropout_0.25/hopper-medium-expert-v2/100
[ utils/training ] Saved model to /mnt/203663f6-7995-4295-8c53-9e2e9621b487/cqm/decision-diffuser/weights/diffuser/default_inv/predict_epsilon_200_1000000.0/dropout_0.25/hopper-medium-expert-v2/100/checkpoint/state.pt
0:   0.3720 | a0_loss:   1.1657 | t:  15.2383
â•’â•â•â•â•â•â•â•â•â•â•â•â•â•â•â•â•â•â•â•â•â•¤â•â•â•â•â•â•â•â•â•â•â•â•â•â•â•â•â•â•â•â•â••
â”‚      a0 loss       â”‚       1.166        â”‚
â”œâ”€â”€â”€â”€â”€â”€â”€â”€â”€â”€â”€â”€â”€â”€â”€â”€â”€â”€â”€â”€â”¼â”€â”€â”€â”€â”€â”€â”€â”€â”€â”€â”€â”€â”€â”€â”€â”€â”€â”€â”€â”€â”¤
â”‚       steps        â”‚         0          â”‚
â”œâ”€â”€â”€â”€â”€â”€â”€â”€â”€â”€â”€â”€â”€â”€â”€â”€â”€â”€â”€â”€â”¼â”€â”€â”€â”€â”€â”€â”€â”€â”€â”€â”€â”€â”€â”€â”€â”€â”€â”€â”€â”€â”¤
â”‚        loss        â”‚       0.372        â”‚
â•˜â•â•â•â•â•â•â•â•â•â•â•â•â•â•â•â•â•â•â•â•â•§â•â•â•â•â•â•â•â•â•â•â•â•â•â•â•â•â•â•â•â•â•›

1000:   0.0323 | a0_loss:   0.0939 | t:  83.7440
â•’â•â•â•â•â•â•â•â•â•â•â•â•â•â•â•â•â•â•â•â•â•¤â•â•â•â•â•â•â•â•â•â•â•â•â•â•â•â•â•â•â•â•â••
â”‚      a0 loss       â”‚       0.094        â”‚
â”œâ”€â”€â”€â”€â”€â”€â”€â”€â”€â”€â”€â”€â”€â”€â”€â”€â”€â”€â”€â”€â”¼â”€â”€â”€â”€â”€â”€â”€â”€â”€â”€â”€â”€â”€â”€â”€â”€â”€â”€â”€â”€â”¤
â”‚       steps        â”‚        1000        â”‚
â”œâ”€â”€â”€â”€â”€â”€â”€â”€â”€â”€â”€â”€â”€â”€â”€â”€â”€â”€â”€â”€â”¼â”€â”€â”€â”€â”€â”€â”€â”€â”€â”€â”€â”€â”€â”€â”€â”€â”€â”€â”€â”€â”¤
â”‚        loss        â”‚       0.032        â”‚
â•˜â•â•â•â•â•â•â•â•â•â•â•â•â•â•â•â•â•â•â•â•â•§â•â•â•â•â•â•â•â•â•â•â•â•â•â•â•â•â•â•â•â•â•›

Traceback (most recent call last):
  File "/home/qh802/anaconda3/envs/decdiff/lib/python3.8/site-packages/ml_logger/__init__.py", line 203, in thunk
    results = fn(*(args or ARGS), **_KWARGS)
  File "/mnt/203663f6-7995-4295-8c53-9e2e9621b487/cqm/decision-diffuser/code/scripts/train.py", line 175, in main
    trainer.train(n_train_steps=Config.n_steps_per_epoch)
  File "/mnt/203663f6-7995-4295-8c53-9e2e9621b487/cqm/decision-diffuser/code/diffuser/utils/training.py", line 116, in train
    loss, infos = self.model.loss(*batch)
  File "/mnt/203663f6-7995-4295-8c53-9e2e9621b487/cqm/decision-diffuser/code/diffuser/models/diffusion.py", line 522, in loss
    diffuse_loss, info = self.p_losses(x[:, :, self.action_dim:], cond, t, returns)
  File "/mnt/203663f6-7995-4295-8c53-9e2e9621b487/cqm/decision-diffuser/code/diffuser/models/diffusion.py", line 489, in p_losses
    x_recon = self.model(x_noisy, cond, t, returns)
  File "/home/qh802/anaconda3/envs/decdiff/lib/python3.8/site-packages/torch/nn/modules/module.py", line 1518, in _wrapped_call_impl
    return self._call_impl(*args, **kwargs)
  File "/home/qh802/anaconda3/envs/decdiff/lib/python3.8/site-packages/torch/nn/modules/module.py", line 1527, in _call_impl
    return forward_call(*args, **kwargs)
  File "/mnt/203663f6-7995-4295-8c53-9e2e9621b487/cqm/decision-diffuser/code/diffuser/models/temporal.py", line 225, in forward
    x = resnet2(x, t)
  File "/home/qh802/anaconda3/envs/decdiff/lib/python3.8/site-packages/torch/nn/modules/module.py", line 1518, in _wrapped_call_impl
    return self._call_impl(*args, **kwargs)
  File "/home/qh802/anaconda3/envs/decdiff/lib/python3.8/site-packages/torch/nn/modules/module.py", line 1527, in _call_impl
    return forward_call(*args, **kwargs)
  File "/mnt/203663f6-7995-4295-8c53-9e2e9621b487/cqm/decision-diffuser/code/diffuser/models/temporal.py", line 103, in forward
    out = self.blocks[1](out)
  File "/home/qh802/anaconda3/envs/decdiff/lib/python3.8/site-packages/torch/nn/modules/module.py", line 1518, in _wrapped_call_impl
    return self._call_impl(*args, **kwargs)
  File "/home/qh802/anaconda3/envs/decdiff/lib/python3.8/site-packages/torch/nn/modules/module.py", line 1527, in _call_impl
    return forward_call(*args, **kwargs)
  File "/mnt/203663f6-7995-4295-8c53-9e2e9621b487/cqm/decision-diffuser/code/diffuser/models/helpers.py", line 68, in forward
    return self.block(x)
  File "/home/qh802/anaconda3/envs/decdiff/lib/python3.8/site-packages/torch/nn/modules/module.py", line 1518, in _wrapped_call_impl
    return self._call_impl(*args, **kwargs)
  File "/home/qh802/anaconda3/envs/decdiff/lib/python3.8/site-packages/torch/nn/modules/module.py", line 1527, in _call_impl
    return forward_call(*args, **kwargs)
  File "/home/qh802/anaconda3/envs/decdiff/lib/python3.8/site-packages/torch/nn/modules/container.py", line 215, in forward
    input = module(input)
  File "/home/qh802/anaconda3/envs/decdiff/lib/python3.8/site-packages/torch/nn/modules/module.py", line 1518, in _wrapped_call_impl
    return self._call_impl(*args, **kwargs)
  File "/home/qh802/anaconda3/envs/decdiff/lib/python3.8/site-packages/torch/nn/modules/module.py", line 1527, in _call_impl
    return forward_call(*args, **kwargs)
  File "/home/qh802/anaconda3/envs/decdiff/lib/python3.8/site-packages/torch/nn/modules/conv.py", line 310, in forward
    return self._conv_forward(input, self.weight, self.bias)
  File "/home/qh802/anaconda3/envs/decdiff/lib/python3.8/site-packages/torch/nn/modules/conv.py", line 306, in _conv_forward
    return F.conv1d(input, weight, bias, self.stride,
  File "/home/qh802/anaconda3/envs/decdiff/lib/python3.8/bdb.py", line 92, in trace_dispatch
    return self.dispatch_return(frame, arg)
  File "/home/qh802/anaconda3/envs/decdiff/lib/python3.8/bdb.py", line 154, in dispatch_return
    if self.quitting: raise BdbQuit
bdb.BdbQuit

â•â•â•â•â•â•â•â•â•â•â•â•â•â•â•â•â•â•â•â•â•â•â•â•â•â•â•â•â•â•â•â•â•â•â•â•â•â•â•â•â•â•
[33m        job         [0m
â”€â”€â”€â”€â”€â”€â”€â”€â”€â”€â”€â”€â”€â”€â”€â”€â”€â”€â”€â”€â”¬â”€â”€â”€â”€â”€â”€â”€â”€â”€â”€â”€â”€â”€â”€â”€â”€â”€â”€â”€â”€â”€
       status       â”‚ errored             
     errorTime      â”‚ 2023-10-24 07:37:11.019412
â•â•â•â•â•â•â•â•â•â•â•â•â•â•â•â•â•â•â•â•â•§â•â•â•â•â•â•â•â•â•â•â•â•â•â•â•â•â•â•â•â•â•
â•â•â•â•â•â•â•â•â•â•â•â•â•â•â•â•â•â•â•â•â•â•â•â•â•â•â•â•â•â•â•â•â•â•â•â•â•â•â•â•â•â•
[33m        job         [0m
â”€â”€â”€â”€â”€â”€â”€â”€â”€â”€â”€â”€â”€â”€â”€â”€â”€â”€â”€â”€â”¬â”€â”€â”€â”€â”€â”€â”€â”€â”€â”€â”€â”€â”€â”€â”€â”€â”€â”€â”€â”€â”€
    script_path     â”‚ None                
    script_root     â”‚ /mnt/203663f6-7995-4295-8c53-9e2e9621b487/cqm/decision-diffuser/code/analysis
      counter       â”‚ 2                   
       prefix       â”‚ diffuser/default_inv/predict_epsilon_200_1000000.0/dropout_0.25/hopper-medium-expert-v2/100
        name        â”‚ predict_epsilon_200_1000000.0/dropout_0.25/hopper-medium-expert-v2/100
       status       â”‚ created             
     createTime     â”‚ 2023-10-24 07:39:48.606271
â•â•â•â•â•â•â•â•â•â•â•â•â•â•â•â•â•â•â•â•â•§â•â•â•â•â•â•â•â•â•â•â•â•â•â•â•â•â•â•â•â•â•
[33m      revision      [0m
â”€â”€â”€â”€â”€â”€â”€â”€â”€â”€â”€â”€â”€â”€â”€â”€â”€â”€â”€â”€â”¬â”€â”€â”€â”€â”€â”€â”€â”€â”€â”€â”€â”€â”€â”€â”€â”€â”€â”€â”€â”€â”€
        hash        â”‚ 01ce528c30b4733dc59aa6203e46ec165561158d
       branch       â”‚ refs/heads/main     
â•â•â•â•â•â•â•â•â•â•â•â•â•â•â•â•â•â•â•â•â•§â•â•â•â•â•â•â•â•â•â•â•â•â•â•â•â•â•â•â•â•â•
[33m         fn         [0m
â”€â”€â”€â”€â”€â”€â”€â”€â”€â”€â”€â”€â”€â”€â”€â”€â”€â”€â”€â”€â”¬â”€â”€â”€â”€â”€â”€â”€â”€â”€â”€â”€â”€â”€â”€â”€â”€â”€â”€â”€â”€â”€
        name        â”‚ main                
        doc         â”‚ None                
       module       â”‚ scripts.train       
        file        â”‚ /mnt/203663f6-7995-4295-8c53-9e2e9621b487/cqm/decision-diffuser/code/scripts/train.py
â•â•â•â•â•â•â•â•â•â•â•â•â•â•â•â•â•â•â•â•â•§â•â•â•â•â•â•â•â•â•â•â•â•â•â•â•â•â•â•â•â•â•
[33m        args        [0m
â”€â”€â”€â”€â”€â”€â”€â”€â”€â”€â”€â”€â”€â”€â”€â”€â”€â”€â”€â”€â”¬â”€â”€â”€â”€â”€â”€â”€â”€â”€â”€â”€â”€â”€â”€â”€â”€â”€â”€â”€â”€â”€
()
â•â•â•â•â•â•â•â•â•â•â•â•â•â•â•â•â•â•â•â•â•§â•â•â•â•â•â•â•â•â•â•â•â•â•â•â•â•â•â•â•â•â•
[33m       kwargs       [0m
â”€â”€â”€â”€â”€â”€â”€â”€â”€â”€â”€â”€â”€â”€â”€â”€â”€â”€â”€â”€â”¬â”€â”€â”€â”€â”€â”€â”€â”€â”€â”€â”€â”€â”€â”€â”€â”€â”€â”€â”€â”€â”€
     RUN.prefix     â”‚ diffuser/default_inv/predict_epsilon_200_1000000.0/dropout_0.25/hopper-medium-expert-v2/100
        seed        â”‚ 100                 
 returns_condition  â”‚ True                
  predict_epsilon   â”‚ True                
 n_diffusion_steps  â”‚ 200                 
 condition_dropout  â”‚ 0.25                
     diffusion      â”‚ models.GaussianInvDynDiffusion
   n_train_steps    â”‚ 1000000.0           
      dataset       â”‚ hopper-medium-expert-v2
   returns_scale    â”‚ 400.0               
  RUN.job_counter   â”‚ 1                   
    RUN.job_name    â”‚ predict_epsilon_200_1000000.0/dropout_0.25/hopper-medium-expert-v2/100
â•â•â•â•â•â•â•â•â•â•â•â•â•â•â•â•â•â•â•â•â•§â•â•â•â•â•â•â•â•â•â•â•â•â•â•â•â•â•â•â•â•â•
taking diff, if this step takes too long, check if your uncommitted changes are too large.
â•â•â•â•â•â•â•â•â•â•â•â•â•â•â•â•â•â•â•â•â•â•â•â•â•â•â•â•â•â•â•â•â•â•â•â•â•â•â•â•â•â•
[33m        job         [0m
â”€â”€â”€â”€â”€â”€â”€â”€â”€â”€â”€â”€â”€â”€â”€â”€â”€â”€â”€â”€â”¬â”€â”€â”€â”€â”€â”€â”€â”€â”€â”€â”€â”€â”€â”€â”€â”€â”€â”€â”€â”€â”€
       job_id       â”‚ None                
       status       â”‚ started             
     startTime      â”‚ 2023-10-24 07:39:48.652692
â•â•â•â•â•â•â•â•â•â•â•â•â•â•â•â•â•â•â•â•â•§â•â•â•â•â•â•â•â•â•â•â•â•â•â•â•â•â•â•â•â•â•
[33m        host        [0m
â”€â”€â”€â”€â”€â”€â”€â”€â”€â”€â”€â”€â”€â”€â”€â”€â”€â”€â”€â”€â”¬â”€â”€â”€â”€â”€â”€â”€â”€â”€â”€â”€â”€â”€â”€â”€â”€â”€â”€â”€â”€â”€
      hostname      â”‚ qh802-X299-WU8      
â•â•â•â•â•â•â•â•â•â•â•â•â•â•â•â•â•â•â•â•â•§â•â•â•â•â•â•â•â•â•â•â•â•â•â•â•â•â•â•â•â•â•
â•â•â•â•â•â•â•â•â•â•â•â•â•â•â•â•â•â•â•â•â•â•â•â•â•â•â•â•â•â•â•â•â•â•â•â•â•â•â•â•â•â•
[33m       Config       [0m
â”€â”€â”€â”€â”€â”€â”€â”€â”€â”€â”€â”€â”€â”€â”€â”€â”€â”€â”€â”€â”¬â”€â”€â”€â”€â”€â”€â”€â”€â”€â”€â”€â”€â”€â”€â”€â”€â”€â”€â”€â”€â”€
        seed        â”‚ 100                 
       device       â”‚ cuda                
       bucket       â”‚ /mnt/203663f6-7995-4295-8c53-9e2e9621b487/cqm/decision-diffuser/weights/
      dataset       â”‚ hopper-medium-expert-v2
       model        â”‚ models.TemporalUnet 
     diffusion      â”‚ models.GaussianInvDynDiffusion
      horizon       â”‚ 100                 
 n_diffusion_steps  â”‚ 200                 
   action_weight    â”‚ 10                  
    loss_weights    â”‚ None                
   loss_discount    â”‚ 1                   
  predict_epsilon   â”‚ True                
     dim_mults      â”‚ (1, 4, 8)           
 returns_condition  â”‚ True                
    calc_energy     â”‚ False               
        dim         â”‚ 128                 
 condition_dropout  â”‚ 0.25                
condition_guidance_wâ”‚ 1.2                 
      test_ret      â”‚ 0.9                 
      renderer      â”‚ utils.MuJoCoRenderer
       loader       â”‚ datasets.SequenceDataset
     normalizer     â”‚ CDFNormalizer       
   preprocess_fns   â”‚ []                  
   clip_denoised    â”‚ True                
    use_padding     â”‚ True                
  include_returns   â”‚ True                
      discount      â”‚ 0.99                
  max_path_length   â”‚ 1000                
     hidden_dim     â”‚ 256                 
       ar_inv       â”‚ False               
   train_only_inv   â”‚ False               
termination_penalty â”‚ -100                
   returns_scale    â”‚ 400.0               
 n_steps_per_epoch  â”‚ 10000               
     loss_type      â”‚ l2                  
   n_train_steps    â”‚ 1000000.0           
     batch_size     â”‚ 32                  
   learning_rate    â”‚ 0.0002              
gradient_accumulate_everyâ”‚ 2                   
     ema_decay      â”‚ 0.995               
      log_freq      â”‚ 1000                
     save_freq      â”‚ 10000               
    sample_freq     â”‚ 10000               
      n_saves       â”‚ 5                   
   save_parallel    â”‚ False               
    n_reference     â”‚ 8                   
  save_checkpoints  â”‚ False               
â•â•â•â•â•â•â•â•â•â•â•â•â•â•â•â•â•â•â•â•â•§â•â•â•â•â•â•â•â•â•â•â•â•â•â•â•â•â•â•â•â•â•
[33m        RUN         [0m
â”€â”€â”€â”€â”€â”€â”€â”€â”€â”€â”€â”€â”€â”€â”€â”€â”€â”€â”€â”€â”¬â”€â”€â”€â”€â”€â”€â”€â”€â”€â”€â”€â”€â”€â”€â”€â”€â”€â”€â”€â”€â”€
       server       â”‚ /mnt/203663f6-7995-4295-8c53-9e2e9621b487/cqm/decision-diffuser/code/analysis
      username      â”‚ qh802               
      project       â”‚ diffuser            
    script_root     â”‚ /mnt/203663f6-7995-4295-8c53-9e2e9621b487/cqm/decision-diffuser/code/analysis
    script_path     â”‚ None                
        now         â”‚ 2023-10-24 15:39:45.415113+08:00
       prefix       â”‚ diffuser/default_inv/predict_epsilon_200_1000000.0/dropout_0.25/hopper-medium-expert-v2/100
      job_name      â”‚ predict_epsilon_200_1000000.0/dropout_0.25/hopper-medium-expert-v2/100
    job_counter     â”‚ 1                   
       resume       â”‚ True                
       readme       â”‚ None                
       debug        â”‚ False               
CUDA_VISIBLE_DEVICESâ”‚ None                
     file_stem      â”‚ train               
â•â•â•â•â•â•â•â•â•â•â•â•â•â•â•â•â•â•â•â•â•§â•â•â•â•â•â•â•â•â•â•â•â•â•â•â•â•â•â•â•â•â•
Testing forward... âœ“
Epoch 0 / 100 | diffuser/default_inv/predict_epsilon_200_1000000.0/dropout_0.25/hopper-medium-expert-v2/100
[ utils/training ] Saved model to /mnt/203663f6-7995-4295-8c53-9e2e9621b487/cqm/decision-diffuser/weights/diffuser/default_inv/predict_epsilon_200_1000000.0/dropout_0.25/hopper-medium-expert-v2/100/checkpoint/state.pt
0:   0.3720 | a0_loss:   1.1657 | t:   5.6309
â•’â•â•â•â•â•â•â•â•â•â•â•â•â•â•â•â•â•â•â•â•â•¤â•â•â•â•â•â•â•â•â•â•â•â•â•â•â•â•â•â•â•â•â••
â”‚      a0 loss       â”‚       1.166        â”‚
â”œâ”€â”€â”€â”€â”€â”€â”€â”€â”€â”€â”€â”€â”€â”€â”€â”€â”€â”€â”€â”€â”¼â”€â”€â”€â”€â”€â”€â”€â”€â”€â”€â”€â”€â”€â”€â”€â”€â”€â”€â”€â”€â”¤
â”‚       steps        â”‚         0          â”‚
â”œâ”€â”€â”€â”€â”€â”€â”€â”€â”€â”€â”€â”€â”€â”€â”€â”€â”€â”€â”€â”€â”¼â”€â”€â”€â”€â”€â”€â”€â”€â”€â”€â”€â”€â”€â”€â”€â”€â”€â”€â”€â”€â”¤
â”‚        loss        â”‚       0.372        â”‚
â•˜â•â•â•â•â•â•â•â•â•â•â•â•â•â•â•â•â•â•â•â•â•§â•â•â•â•â•â•â•â•â•â•â•â•â•â•â•â•â•â•â•â•â•›

1000:   0.0323 | a0_loss:   0.0938 | t:  86.1140
â•’â•â•â•â•â•â•â•â•â•â•â•â•â•â•â•â•â•â•â•â•â•¤â•â•â•â•â•â•â•â•â•â•â•â•â•â•â•â•â•â•â•â•â••
â”‚      a0 loss       â”‚       0.094        â”‚
â”œâ”€â”€â”€â”€â”€â”€â”€â”€â”€â”€â”€â”€â”€â”€â”€â”€â”€â”€â”€â”€â”¼â”€â”€â”€â”€â”€â”€â”€â”€â”€â”€â”€â”€â”€â”€â”€â”€â”€â”€â”€â”€â”¤
â”‚       steps        â”‚        1000        â”‚
â”œâ”€â”€â”€â”€â”€â”€â”€â”€â”€â”€â”€â”€â”€â”€â”€â”€â”€â”€â”€â”€â”¼â”€â”€â”€â”€â”€â”€â”€â”€â”€â”€â”€â”€â”€â”€â”€â”€â”€â”€â”€â”€â”¤
â”‚        loss        â”‚       0.032        â”‚
â•˜â•â•â•â•â•â•â•â•â•â•â•â•â•â•â•â•â•â•â•â•â•§â•â•â•â•â•â•â•â•â•â•â•â•â•â•â•â•â•â•â•â•â•›

2000:   0.0188 | a0_loss:   0.0496 | t:  70.8079
â•’â•â•â•â•â•â•â•â•â•â•â•â•â•â•â•â•â•â•â•â•â•¤â•â•â•â•â•â•â•â•â•â•â•â•â•â•â•â•â•â•â•â•â••
â”‚      a0 loss       â”‚       0.050        â”‚
â”œâ”€â”€â”€â”€â”€â”€â”€â”€â”€â”€â”€â”€â”€â”€â”€â”€â”€â”€â”€â”€â”¼â”€â”€â”€â”€â”€â”€â”€â”€â”€â”€â”€â”€â”€â”€â”€â”€â”€â”€â”€â”€â”¤
â”‚       steps        â”‚        2000        â”‚
â”œâ”€â”€â”€â”€â”€â”€â”€â”€â”€â”€â”€â”€â”€â”€â”€â”€â”€â”€â”€â”€â”¼â”€â”€â”€â”€â”€â”€â”€â”€â”€â”€â”€â”€â”€â”€â”€â”€â”€â”€â”€â”€â”¤
â”‚        loss        â”‚       0.019        â”‚
â•˜â•â•â•â•â•â•â•â•â•â•â•â•â•â•â•â•â•â•â•â•â•§â•â•â•â•â•â•â•â•â•â•â•â•â•â•â•â•â•â•â•â•â•›

3000:   0.0155 | a0_loss:   0.0409 | t:  69.8814
â•’â•â•â•â•â•â•â•â•â•â•â•â•â•â•â•â•â•â•â•â•â•¤â•â•â•â•â•â•â•â•â•â•â•â•â•â•â•â•â•â•â•â•â••
â”‚      a0 loss       â”‚       0.041        â”‚
â”œâ”€â”€â”€â”€â”€â”€â”€â”€â”€â”€â”€â”€â”€â”€â”€â”€â”€â”€â”€â”€â”¼â”€â”€â”€â”€â”€â”€â”€â”€â”€â”€â”€â”€â”€â”€â”€â”€â”€â”€â”€â”€â”¤
â”‚       steps        â”‚        3000        â”‚
â”œâ”€â”€â”€â”€â”€â”€â”€â”€â”€â”€â”€â”€â”€â”€â”€â”€â”€â”€â”€â”€â”¼â”€â”€â”€â”€â”€â”€â”€â”€â”€â”€â”€â”€â”€â”€â”€â”€â”€â”€â”€â”€â”¤
â”‚        loss        â”‚       0.015        â”‚
â•˜â•â•â•â•â•â•â•â•â•â•â•â•â•â•â•â•â•â•â•â•â•§â•â•â•â•â•â•â•â•â•â•â•â•â•â•â•â•â•â•â•â•â•›

4000:   0.0171 | a0_loss:   0.0506 | t:  69.6458
â•’â•â•â•â•â•â•â•â•â•â•â•â•â•â•â•â•â•â•â•â•â•¤â•â•â•â•â•â•â•â•â•â•â•â•â•â•â•â•â•â•â•â•â••
â”‚      a0 loss       â”‚       0.051        â”‚
â”œâ”€â”€â”€â”€â”€â”€â”€â”€â”€â”€â”€â”€â”€â”€â”€â”€â”€â”€â”€â”€â”¼â”€â”€â”€â”€â”€â”€â”€â”€â”€â”€â”€â”€â”€â”€â”€â”€â”€â”€â”€â”€â”¤
â”‚       steps        â”‚        4000        â”‚
â”œâ”€â”€â”€â”€â”€â”€â”€â”€â”€â”€â”€â”€â”€â”€â”€â”€â”€â”€â”€â”€â”¼â”€â”€â”€â”€â”€â”€â”€â”€â”€â”€â”€â”€â”€â”€â”€â”€â”€â”€â”€â”€â”¤
â”‚        loss        â”‚       0.017        â”‚
â•˜â•â•â•â•â•â•â•â•â•â•â•â•â•â•â•â•â•â•â•â•â•§â•â•â•â•â•â•â•â•â•â•â•â•â•â•â•â•â•â•â•â•â•›

5000:   0.0217 | a0_loss:   0.0704 | t:  70.9577
â•’â•â•â•â•â•â•â•â•â•â•â•â•â•â•â•â•â•â•â•â•â•¤â•â•â•â•â•â•â•â•â•â•â•â•â•â•â•â•â•â•â•â•â••
â”‚      a0 loss       â”‚       0.070        â”‚
â”œâ”€â”€â”€â”€â”€â”€â”€â”€â”€â”€â”€â”€â”€â”€â”€â”€â”€â”€â”€â”€â”¼â”€â”€â”€â”€â”€â”€â”€â”€â”€â”€â”€â”€â”€â”€â”€â”€â”€â”€â”€â”€â”¤
â”‚       steps        â”‚        5000        â”‚
â”œâ”€â”€â”€â”€â”€â”€â”€â”€â”€â”€â”€â”€â”€â”€â”€â”€â”€â”€â”€â”€â”¼â”€â”€â”€â”€â”€â”€â”€â”€â”€â”€â”€â”€â”€â”€â”€â”€â”€â”€â”€â”€â”¤
â”‚        loss        â”‚       0.022        â”‚
â•˜â•â•â•â•â•â•â•â•â•â•â•â•â•â•â•â•â•â•â•â•â•§â•â•â•â•â•â•â•â•â•â•â•â•â•â•â•â•â•â•â•â•â•›

6000:   0.0198 | a0_loss:   0.0625 | t:  69.5545
â•’â•â•â•â•â•â•â•â•â•â•â•â•â•â•â•â•â•â•â•â•â•¤â•â•â•â•â•â•â•â•â•â•â•â•â•â•â•â•â•â•â•â•â••
â”‚      a0 loss       â”‚       0.062        â”‚
â”œâ”€â”€â”€â”€â”€â”€â”€â”€â”€â”€â”€â”€â”€â”€â”€â”€â”€â”€â”€â”€â”¼â”€â”€â”€â”€â”€â”€â”€â”€â”€â”€â”€â”€â”€â”€â”€â”€â”€â”€â”€â”€â”¤
â”‚       steps        â”‚        6000        â”‚
â”œâ”€â”€â”€â”€â”€â”€â”€â”€â”€â”€â”€â”€â”€â”€â”€â”€â”€â”€â”€â”€â”¼â”€â”€â”€â”€â”€â”€â”€â”€â”€â”€â”€â”€â”€â”€â”€â”€â”€â”€â”€â”€â”¤
â”‚        loss        â”‚       0.020        â”‚
â•˜â•â•â•â•â•â•â•â•â•â•â•â•â•â•â•â•â•â•â•â•â•§â•â•â•â•â•â•â•â•â•â•â•â•â•â•â•â•â•â•â•â•â•›

7000:   0.0221 | a0_loss:   0.0721 | t:  69.0278
â•’â•â•â•â•â•â•â•â•â•â•â•â•â•â•â•â•â•â•â•â•â•¤â•â•â•â•â•â•â•â•â•â•â•â•â•â•â•â•â•â•â•â•â••
â”‚      a0 loss       â”‚       0.072        â”‚
â”œâ”€â”€â”€â”€â”€â”€â”€â”€â”€â”€â”€â”€â”€â”€â”€â”€â”€â”€â”€â”€â”¼â”€â”€â”€â”€â”€â”€â”€â”€â”€â”€â”€â”€â”€â”€â”€â”€â”€â”€â”€â”€â”¤
â”‚       steps        â”‚        7000        â”‚
â”œâ”€â”€â”€â”€â”€â”€â”€â”€â”€â”€â”€â”€â”€â”€â”€â”€â”€â”€â”€â”€â”¼â”€â”€â”€â”€â”€â”€â”€â”€â”€â”€â”€â”€â”€â”€â”€â”€â”€â”€â”€â”€â”¤
â”‚        loss        â”‚       0.022        â”‚
â•˜â•â•â•â•â•â•â•â•â•â•â•â•â•â•â•â•â•â•â•â•â•§â•â•â•â•â•â•â•â•â•â•â•â•â•â•â•â•â•â•â•â•â•›

8000:   0.0138 | a0_loss:   0.0403 | t:  70.0180
â•’â•â•â•â•â•â•â•â•â•â•â•â•â•â•â•â•â•â•â•â•â•¤â•â•â•â•â•â•â•â•â•â•â•â•â•â•â•â•â•â•â•â•â••
â”‚      a0 loss       â”‚       0.040        â”‚
â”œâ”€â”€â”€â”€â”€â”€â”€â”€â”€â”€â”€â”€â”€â”€â”€â”€â”€â”€â”€â”€â”¼â”€â”€â”€â”€â”€â”€â”€â”€â”€â”€â”€â”€â”€â”€â”€â”€â”€â”€â”€â”€â”¤
â”‚       steps        â”‚        8000        â”‚
â”œâ”€â”€â”€â”€â”€â”€â”€â”€â”€â”€â”€â”€â”€â”€â”€â”€â”€â”€â”€â”€â”¼â”€â”€â”€â”€â”€â”€â”€â”€â”€â”€â”€â”€â”€â”€â”€â”€â”€â”€â”€â”€â”¤
â”‚        loss        â”‚       0.014        â”‚
â•˜â•â•â•â•â•â•â•â•â•â•â•â•â•â•â•â•â•â•â•â•â•§â•â•â•â•â•â•â•â•â•â•â•â•â•â•â•â•â•â•â•â•â•›

9000:   0.0131 | a0_loss:   0.0395 | t:  70.2642
â•’â•â•â•â•â•â•â•â•â•â•â•â•â•â•â•â•â•â•â•â•â•¤â•â•â•â•â•â•â•â•â•â•â•â•â•â•â•â•â•â•â•â•â••
â”‚      a0 loss       â”‚       0.039        â”‚
â”œâ”€â”€â”€â”€â”€â”€â”€â”€â”€â”€â”€â”€â”€â”€â”€â”€â”€â”€â”€â”€â”¼â”€â”€â”€â”€â”€â”€â”€â”€â”€â”€â”€â”€â”€â”€â”€â”€â”€â”€â”€â”€â”¤
â”‚       steps        â”‚        9000        â”‚
â”œâ”€â”€â”€â”€â”€â”€â”€â”€â”€â”€â”€â”€â”€â”€â”€â”€â”€â”€â”€â”€â”¼â”€â”€â”€â”€â”€â”€â”€â”€â”€â”€â”€â”€â”€â”€â”€â”€â”€â”€â”€â”€â”¤
â”‚        loss        â”‚       0.013        â”‚
â•˜â•â•â•â•â•â•â•â•â•â•â•â•â•â•â•â•â•â•â•â•â•§â•â•â•â•â•â•â•â•â•â•â•â•â•â•â•â•â•â•â•â•â•›

Epoch 1 / 100 | diffuser/default_inv/predict_epsilon_200_1000000.0/dropout_0.25/hopper-medium-expert-v2/100
[ utils/training ] Saved model to /mnt/203663f6-7995-4295-8c53-9e2e9621b487/cqm/decision-diffuser/weights/diffuser/default_inv/predict_epsilon_200_1000000.0/dropout_0.25/hopper-medium-expert-v2/100/checkpoint/state.pt
10000:   0.0130 | a0_loss:   0.0384 | t:   6.1026
â•’â•â•â•â•â•â•â•â•â•â•â•â•â•â•â•â•â•â•â•â•â•¤â•â•â•â•â•â•â•â•â•â•â•â•â•â•â•â•â•â•â•â•â••
â”‚      a0 loss       â”‚       0.038        â”‚
â”œâ”€â”€â”€â”€â”€â”€â”€â”€â”€â”€â”€â”€â”€â”€â”€â”€â”€â”€â”€â”€â”¼â”€â”€â”€â”€â”€â”€â”€â”€â”€â”€â”€â”€â”€â”€â”€â”€â”€â”€â”€â”€â”¤
â”‚       steps        â”‚       10000        â”‚
â”œâ”€â”€â”€â”€â”€â”€â”€â”€â”€â”€â”€â”€â”€â”€â”€â”€â”€â”€â”€â”€â”¼â”€â”€â”€â”€â”€â”€â”€â”€â”€â”€â”€â”€â”€â”€â”€â”€â”€â”€â”€â”€â”¤
â”‚        loss        â”‚       0.013        â”‚
â•˜â•â•â•â•â•â•â•â•â•â•â•â•â•â•â•â•â•â•â•â•â•§â•â•â•â•â•â•â•â•â•â•â•â•â•â•â•â•â•â•â•â•â•›

11000:   0.0134 | a0_loss:   0.0412 | t:  79.4438
â•’â•â•â•â•â•â•â•â•â•â•â•â•â•â•â•â•â•â•â•â•â•¤â•â•â•â•â•â•â•â•â•â•â•â•â•â•â•â•â•â•â•â•â••
â”‚      a0 loss       â”‚       0.041        â”‚
â”œâ”€â”€â”€â”€â”€â”€â”€â”€â”€â”€â”€â”€â”€â”€â”€â”€â”€â”€â”€â”€â”¼â”€â”€â”€â”€â”€â”€â”€â”€â”€â”€â”€â”€â”€â”€â”€â”€â”€â”€â”€â”€â”¤
â”‚       steps        â”‚       11000        â”‚
â”œâ”€â”€â”€â”€â”€â”€â”€â”€â”€â”€â”€â”€â”€â”€â”€â”€â”€â”€â”€â”€â”¼â”€â”€â”€â”€â”€â”€â”€â”€â”€â”€â”€â”€â”€â”€â”€â”€â”€â”€â”€â”€â”¤
â”‚        loss        â”‚       0.013        â”‚
â•˜â•â•â•â•â•â•â•â•â•â•â•â•â•â•â•â•â•â•â•â•â•§â•â•â•â•â•â•â•â•â•â•â•â•â•â•â•â•â•â•â•â•â•›

12000:   0.0134 | a0_loss:   0.0417 | t:  70.3896
â•’â•â•â•â•â•â•â•â•â•â•â•â•â•â•â•â•â•â•â•â•â•¤â•â•â•â•â•â•â•â•â•â•â•â•â•â•â•â•â•â•â•â•â••
â”‚      a0 loss       â”‚       0.042        â”‚
â”œâ”€â”€â”€â”€â”€â”€â”€â”€â”€â”€â”€â”€â”€â”€â”€â”€â”€â”€â”€â”€â”¼â”€â”€â”€â”€â”€â”€â”€â”€â”€â”€â”€â”€â”€â”€â”€â”€â”€â”€â”€â”€â”¤
â”‚       steps        â”‚       12000        â”‚
â”œâ”€â”€â”€â”€â”€â”€â”€â”€â”€â”€â”€â”€â”€â”€â”€â”€â”€â”€â”€â”€â”¼â”€â”€â”€â”€â”€â”€â”€â”€â”€â”€â”€â”€â”€â”€â”€â”€â”€â”€â”€â”€â”¤
â”‚        loss        â”‚       0.013        â”‚
â•˜â•â•â•â•â•â•â•â•â•â•â•â•â•â•â•â•â•â•â•â•â•§â•â•â•â•â•â•â•â•â•â•â•â•â•â•â•â•â•â•â•â•â•›

13000:   0.0136 | a0_loss:   0.0425 | t:  71.1245
â•’â•â•â•â•â•â•â•â•â•â•â•â•â•â•â•â•â•â•â•â•â•¤â•â•â•â•â•â•â•â•â•â•â•â•â•â•â•â•â•â•â•â•â••
â”‚      a0 loss       â”‚       0.043        â”‚
â”œâ”€â”€â”€â”€â”€â”€â”€â”€â”€â”€â”€â”€â”€â”€â”€â”€â”€â”€â”€â”€â”¼â”€â”€â”€â”€â”€â”€â”€â”€â”€â”€â”€â”€â”€â”€â”€â”€â”€â”€â”€â”€â”¤
â”‚       steps        â”‚       13000        â”‚
â”œâ”€â”€â”€â”€â”€â”€â”€â”€â”€â”€â”€â”€â”€â”€â”€â”€â”€â”€â”€â”€â”¼â”€â”€â”€â”€â”€â”€â”€â”€â”€â”€â”€â”€â”€â”€â”€â”€â”€â”€â”€â”€â”¤
â”‚        loss        â”‚       0.014        â”‚
â•˜â•â•â•â•â•â•â•â•â•â•â•â•â•â•â•â•â•â•â•â•â•§â•â•â•â•â•â•â•â•â•â•â•â•â•â•â•â•â•â•â•â•â•›

14000:   0.0134 | a0_loss:   0.0408 | t:  69.9034
â•’â•â•â•â•â•â•â•â•â•â•â•â•â•â•â•â•â•â•â•â•â•¤â•â•â•â•â•â•â•â•â•â•â•â•â•â•â•â•â•â•â•â•â••
â”‚      a0 loss       â”‚       0.041        â”‚
â”œâ”€â”€â”€â”€â”€â”€â”€â”€â”€â”€â”€â”€â”€â”€â”€â”€â”€â”€â”€â”€â”¼â”€â”€â”€â”€â”€â”€â”€â”€â”€â”€â”€â”€â”€â”€â”€â”€â”€â”€â”€â”€â”¤
â”‚       steps        â”‚       14000        â”‚
â”œâ”€â”€â”€â”€â”€â”€â”€â”€â”€â”€â”€â”€â”€â”€â”€â”€â”€â”€â”€â”€â”¼â”€â”€â”€â”€â”€â”€â”€â”€â”€â”€â”€â”€â”€â”€â”€â”€â”€â”€â”€â”€â”¤
â”‚        loss        â”‚       0.013        â”‚
â•˜â•â•â•â•â•â•â•â•â•â•â•â•â•â•â•â•â•â•â•â•â•§â•â•â•â•â•â•â•â•â•â•â•â•â•â•â•â•â•â•â•â•â•›

15000:   0.0105 | a0_loss:   0.0301 | t:  70.4386
â•’â•â•â•â•â•â•â•â•â•â•â•â•â•â•â•â•â•â•â•â•â•¤â•â•â•â•â•â•â•â•â•â•â•â•â•â•â•â•â•â•â•â•â••
â”‚      a0 loss       â”‚       0.030        â”‚
â”œâ”€â”€â”€â”€â”€â”€â”€â”€â”€â”€â”€â”€â”€â”€â”€â”€â”€â”€â”€â”€â”¼â”€â”€â”€â”€â”€â”€â”€â”€â”€â”€â”€â”€â”€â”€â”€â”€â”€â”€â”€â”€â”¤
â”‚       steps        â”‚       15000        â”‚
â”œâ”€â”€â”€â”€â”€â”€â”€â”€â”€â”€â”€â”€â”€â”€â”€â”€â”€â”€â”€â”€â”¼â”€â”€â”€â”€â”€â”€â”€â”€â”€â”€â”€â”€â”€â”€â”€â”€â”€â”€â”€â”€â”¤
â”‚        loss        â”‚       0.010        â”‚
â•˜â•â•â•â•â•â•â•â•â•â•â•â•â•â•â•â•â•â•â•â•â•§â•â•â•â•â•â•â•â•â•â•â•â•â•â•â•â•â•â•â•â•â•›

16000:   0.0109 | a0_loss:   0.0318 | t:  70.5326
â•’â•â•â•â•â•â•â•â•â•â•â•â•â•â•â•â•â•â•â•â•â•¤â•â•â•â•â•â•â•â•â•â•â•â•â•â•â•â•â•â•â•â•â••
â”‚      a0 loss       â”‚       0.032        â”‚
â”œâ”€â”€â”€â”€â”€â”€â”€â”€â”€â”€â”€â”€â”€â”€â”€â”€â”€â”€â”€â”€â”¼â”€â”€â”€â”€â”€â”€â”€â”€â”€â”€â”€â”€â”€â”€â”€â”€â”€â”€â”€â”€â”¤
â”‚       steps        â”‚       16000        â”‚
â”œâ”€â”€â”€â”€â”€â”€â”€â”€â”€â”€â”€â”€â”€â”€â”€â”€â”€â”€â”€â”€â”¼â”€â”€â”€â”€â”€â”€â”€â”€â”€â”€â”€â”€â”€â”€â”€â”€â”€â”€â”€â”€â”¤
â”‚        loss        â”‚       0.011        â”‚
â•˜â•â•â•â•â•â•â•â•â•â•â•â•â•â•â•â•â•â•â•â•â•§â•â•â•â•â•â•â•â•â•â•â•â•â•â•â•â•â•â•â•â•â•›

17000:   0.0143 | a0_loss:   0.0462 | t:  69.8496
â•’â•â•â•â•â•â•â•â•â•â•â•â•â•â•â•â•â•â•â•â•â•¤â•â•â•â•â•â•â•â•â•â•â•â•â•â•â•â•â•â•â•â•â••
â”‚      a0 loss       â”‚       0.046        â”‚
â”œâ”€â”€â”€â”€â”€â”€â”€â”€â”€â”€â”€â”€â”€â”€â”€â”€â”€â”€â”€â”€â”¼â”€â”€â”€â”€â”€â”€â”€â”€â”€â”€â”€â”€â”€â”€â”€â”€â”€â”€â”€â”€â”¤
â”‚       steps        â”‚       17000        â”‚
â”œâ”€â”€â”€â”€â”€â”€â”€â”€â”€â”€â”€â”€â”€â”€â”€â”€â”€â”€â”€â”€â”¼â”€â”€â”€â”€â”€â”€â”€â”€â”€â”€â”€â”€â”€â”€â”€â”€â”€â”€â”€â”€â”¤
â”‚        loss        â”‚       0.014        â”‚
â•˜â•â•â•â•â•â•â•â•â•â•â•â•â•â•â•â•â•â•â•â•â•§â•â•â•â•â•â•â•â•â•â•â•â•â•â•â•â•â•â•â•â•â•›

18000:   0.0089 | a0_loss:   0.0247 | t:  68.8884
â•’â•â•â•â•â•â•â•â•â•â•â•â•â•â•â•â•â•â•â•â•â•¤â•â•â•â•â•â•â•â•â•â•â•â•â•â•â•â•â•â•â•â•â••
â”‚      a0 loss       â”‚       0.025        â”‚
â”œâ”€â”€â”€â”€â”€â”€â”€â”€â”€â”€â”€â”€â”€â”€â”€â”€â”€â”€â”€â”€â”¼â”€â”€â”€â”€â”€â”€â”€â”€â”€â”€â”€â”€â”€â”€â”€â”€â”€â”€â”€â”€â”¤
â”‚       steps        â”‚       18000        â”‚
â”œâ”€â”€â”€â”€â”€â”€â”€â”€â”€â”€â”€â”€â”€â”€â”€â”€â”€â”€â”€â”€â”¼â”€â”€â”€â”€â”€â”€â”€â”€â”€â”€â”€â”€â”€â”€â”€â”€â”€â”€â”€â”€â”¤
â”‚        loss        â”‚       0.009        â”‚
â•˜â•â•â•â•â•â•â•â•â•â•â•â•â•â•â•â•â•â•â•â•â•§â•â•â•â•â•â•â•â•â•â•â•â•â•â•â•â•â•â•â•â•â•›

